Current configuration:
[NAME]		[DEFLT]		[VALUE]
-accumdir			/Users/a0m0195/FinalModel/bwaccumdir/FinalModel_buff_1
-agc		none		none
-agcthresh	2.0		2.000000e+00
-cepdir				/Users/a0m0195/FinalModel/feat
-cepext		mfc		mfc
-ceplen		13		13
-cmn		live		batch
-cmninit	40,3,-1		40,3,-1
-ctlfn				/Users/a0m0195/FinalModel/etc/train.fileids
-dictfn				
-example	no		no
-fdictfn			
-feat		1s_c_d_dd	1s_c_d_dd
-fullvar	no		no
-help		no		no
-lda				
-ldadim		0		0
-lsnfn				
-meanfn				
-moddeffn			
-npart				1
-nskip				0
-part				1
-runlen				0
-scaleseg	no		no
-segdir				
-segext		v8_seg		v8_seg
-svspec				
-ts2cbfn			
-varnorm	no		no

INFO: feat.c(715): Initializing feature stream to type: '1s_c_d_dd', ceplen=13, CMN='batch', VARNORM='no', AGC='none'
INFO: corpus.c(1062): Will process all remaining utts starting at 0
INFO: init_gau.c(134): Computing 1x1x1 mean estimates
INFO: cmn.c(133): CMN: 41.43  5.59 -0.58  7.97  9.71  6.76  0.97 -5.72  4.02  7.25  9.73 -4.18  0.02 
INFO: cmn.c(133): CMN: 38.20  5.22  3.76  5.65  8.16  3.02  6.37  5.59 -1.80  8.18  9.69 -6.42 -0.53 
INFO: cmn.c(133): CMN: 43.24  2.81  3.64  2.72  7.04  5.13 -5.25  3.22 -0.36 -0.25 14.15 -0.99 -5.04 
INFO: cmn.c(133): CMN: 41.55  3.04 -0.32  9.50  7.40  2.31  5.71  2.13 -2.70 12.46  9.87 -2.78  0.70 
INFO: cmn.c(133): CMN: 34.79  3.70  0.63 18.43  3.96  2.88 -1.86  6.62  2.45  3.15 13.78 -4.11 -1.34 
INFO: cmn.c(133): CMN: 37.04  6.98  1.81 10.39 -0.04  4.00  4.15  9.05 -7.85 11.84  6.06 -2.15  1.96 
INFO: cmn.c(133): CMN: 39.98  2.59  4.70  6.49  6.19  4.47 -1.36  6.23  5.61  3.11 15.86 -14.93 10.14 
INFO: cmn.c(133): CMN: 43.38  1.61  2.92  3.19 10.43  2.31 -5.99  2.66 -12.27  6.25 -1.49 -2.50  4.78 
INFO: cmn.c(133): CMN: 43.25  1.11 -0.62  7.53 10.59  5.35 -3.39  3.72  0.19 -0.61  9.75  3.86  1.42 
INFO: cmn.c(133): CMN: 44.87  4.09 -6.10  7.47  4.12  3.09 -7.07 10.00 -3.48  1.38 17.03  1.13  3.14 
INFO: cmn.c(133): CMN: 40.12  5.47 -1.49 15.44  4.68  5.28 -6.43 15.41 -3.98 -1.18 11.90 -1.58  0.24 
INFO: cmn.c(133): CMN: 42.76  7.39 -0.57  3.92  2.84  5.12 -1.08  2.64  3.21  2.67 11.24  3.33  1.02 
INFO: cmn.c(133): CMN: 43.37  3.27 -3.97 15.43 10.98  8.37 -10.81 12.61 -4.64  5.11 10.23 -0.05  4.65 
INFO: cmn.c(133): CMN: 40.08  1.47 -0.20 16.62  8.46  1.99 -1.18 10.85 -0.33 -0.86  8.15  0.42 -2.54 
INFO: cmn.c(133): CMN: 41.80  0.11 -1.94 12.67 16.80  4.15 -10.47 11.41 -4.51 -7.15 15.06 -4.39 -0.78 
INFO: cmn.c(133): CMN: 40.43  8.87 -3.61  8.98 11.65 -1.68  0.15  9.94  2.04  3.95 13.82 -8.76  1.43 
INFO: cmn.c(133): CMN: 35.67  3.73  3.30 12.92  8.94  2.19  0.30  9.63 -5.65 11.74  0.37 -5.38  4.23 
INFO: cmn.c(133): CMN: 35.70  8.97 -2.75 14.90 -3.94  2.12 -0.27  7.24 -8.84  9.54  1.06 -0.24  2.45 
INFO: cmn.c(133): CMN: 38.22  9.99 -3.32  6.56  1.69  6.87 -3.93  8.52 -1.87  7.77 15.21 -13.96 12.66 
INFO: cmn.c(133): CMN: 39.57  0.12  3.32 14.38 10.34  1.70 -5.39 11.15 -5.46  0.84 19.07 -12.93 12.48 
INFO: cmn.c(133): CMN: 42.74 11.07 -1.86  9.98  5.33  6.15 -0.35  6.62 -12.16  7.19  0.74 -6.00  0.65 
INFO: cmn.c(133): CMN: 50.31  5.18 -4.75 12.30  7.50 10.75 -11.24  4.53 -13.22  5.67  0.76 -4.39  0.90 
INFO: cmn.c(133): CMN: 43.68 12.26 -5.10  9.76 -1.74  6.16 -1.27  3.06 -9.67  5.36  0.04 -6.16 -2.42 
INFO: cmn.c(133): CMN: 47.57  7.12 -7.57 12.93  4.15  6.08 -3.06 -0.40 -7.77  8.32 -2.03 -0.97 -0.85 
INFO: cmn.c(133): CMN: 49.14  4.59 -7.08 13.28  6.02  2.74 -3.21 -2.98 -6.89  5.07 -0.83 -3.31  1.26 
INFO: cmn.c(133): CMN: 46.44  9.72 -4.83 22.45 -3.12  3.27 -1.35  1.39 -8.69  8.84  1.80 -5.58  2.70 
INFO: cmn.c(133): CMN: 42.36  6.93 -5.76 10.12  1.86  6.14 -5.28  1.45 -10.87 16.10 -0.43 -0.74  5.50 
INFO: cmn.c(133): CMN: 47.54  9.19 -5.49 13.63  2.90  3.81 -0.76 -0.60 -5.66  7.97  8.15 -8.03  3.33 
INFO: cmn.c(133): CMN: 48.80  9.34 -9.51  6.86  0.80  6.75 -5.23  2.64 -11.49 12.45  4.45 -4.21  2.66 
INFO: cmn.c(133): CMN: 45.53  5.86 -5.49 16.38  7.28  0.39 -0.52  0.58 -11.87  7.85 -6.59 -0.28 -1.67 
INFO: cmn.c(133): CMN: 47.94  5.57 -4.99 20.03  6.96  0.49  5.36 -5.10 -6.61  4.53  4.21 -9.41  4.20 
INFO: cmn.c(133): CMN: 45.11  6.61 -6.65 22.62  6.80  1.46 -2.63  3.61 -5.75  2.47  5.79 -3.67  3.59 
INFO: cmn.c(133): CMN: 49.64 10.20 -10.18 25.07  3.96  2.47 -0.39 -0.78 -7.77  5.70  9.79 -9.66  5.52 
INFO: cmn.c(133): CMN: 48.49  7.26 -7.39 21.25  0.22  6.26 -2.91  4.09 -3.40 -1.11 -0.99 -8.29 -2.14 
INFO: cmn.c(133): CMN: 48.89  5.60 -6.13 16.79  9.26  5.75 -8.84 -1.32 -2.71  5.54  2.92 -8.06  3.43 
INFO: cmn.c(133): CMN: 49.30  5.56 -5.11 16.54  4.31 10.14 -13.47  3.70 -10.87 10.00 -1.22 -5.33  5.59 
INFO: cmn.c(133): CMN: 51.90  3.73 -6.29 11.18  7.60  7.74 -7.00 -2.05 -7.98  5.15  0.77 -3.63  2.78 
INFO: cmn.c(133): CMN: 52.10  3.87 -7.74 18.87  8.35  8.81 -10.57  6.30 -7.59  5.40  2.56 -6.06  2.83 
INFO: cmn.c(133): CMN: 51.29  1.97 -7.86 10.81  4.34  5.69 -4.48  1.45 -6.48  7.23  5.58 -2.45  1.15 
INFO: cmn.c(133): CMN: 51.47  6.23 -4.89  7.46  1.43  4.38  3.60  0.32 -6.21 10.35 -2.68  0.31  1.29 
INFO: cmn.c(133): CMN: 37.70 10.70 -3.70 10.80 -5.14 17.76 -3.58  7.39 -3.71  4.61  4.21 -3.36 -2.18 
INFO: cmn.c(133): CMN: 38.63  8.51 -0.61 14.93  1.67 15.77 -2.12 14.95 -4.30  2.53  1.82 -5.02 -2.07 
INFO: cmn.c(133): CMN: 39.75  7.86 -2.35 15.71 -1.68 17.07 -1.87 16.92 -8.74  5.41 -0.71 -2.15  2.92 
INFO: cmn.c(133): CMN: 40.63  5.96  1.24 10.88 -3.65 17.23 -4.20 13.67 -10.86  9.86 -0.23 -1.19 -2.89 
INFO: cmn.c(133): CMN: 41.19  8.42  0.40 19.10 -1.45 13.79 -0.59 16.46 -14.26 -0.30 -3.51  1.54 -5.07 
INFO: cmn.c(133): CMN: 40.63  3.04 -1.91 17.49  7.24 10.19 -1.93 17.40 -11.82  2.43 -3.04 -1.67 -5.66 
INFO: cmn.c(133): CMN: 42.54 12.37 -3.21 11.66 -11.26 19.68  1.16  4.51 -6.46  5.91  3.81 -7.68  0.77 
INFO: cmn.c(133): CMN: 47.21  8.63 -8.06 17.95 -6.47 16.25 -4.07  6.26 -11.58 13.54  1.31 -6.22  2.79 
INFO: cmn.c(133): CMN: 41.50  8.95 -4.62 17.12 -4.24 16.07 -3.17 11.39 -13.34  9.34  3.29 -2.91 -1.94 
INFO: cmn.c(133): CMN: 43.13  4.48 -0.75 21.65 -2.76 11.48 -1.27  8.13 -1.40  0.15  4.61 -4.42  5.18 
INFO: cmn.c(133): CMN: 44.47 10.75 -1.44 11.48 -7.83 20.91 -6.97  8.35 -11.06  3.59  3.02 -1.32  1.74 
INFO: cmn.c(133): CMN: 42.31  7.77 -1.20 11.90 -5.27 15.82 -12.38 14.05 -4.55  0.56  4.20  0.41  5.65 
INFO: cmn.c(133): CMN: 45.35  2.91 -0.58 14.98  0.01  9.03 -5.60 12.97 -11.38  7.49 -2.02  1.20  4.54 
INFO: cmn.c(133): CMN: 43.82  8.95 -5.05 18.30 -4.48 12.14 -3.64  9.09 -6.74  2.20  6.26 -1.39  0.91 
INFO: cmn.c(133): CMN: 42.71 12.23 -1.87 12.03 -11.79 14.35 -2.86  9.32 -6.43  4.29 -0.28  1.14  3.56 
INFO: cmn.c(133): CMN: 42.73  6.48 -1.22 18.36 -1.92 14.69 -5.32 14.46 -11.21  1.98  5.36 -3.15  2.44 
INFO: cmn.c(133): CMN: 40.99 17.98 -6.32 13.77 -11.52 15.42  1.61  9.32 -4.73  4.34  1.85 -2.27  0.25 
INFO: cmn.c(133): CMN: 44.70  6.89 -2.89 13.31 -3.22 15.45 -9.52 12.98 -8.68  8.97 -3.45  2.59  3.46 
INFO: cmn.c(133): CMN: 40.62 14.56 -2.89 12.55 -7.48 14.85 -0.20  9.22 -7.92  3.49  4.35  0.84  0.25 
INFO: cmn.c(133): CMN: 40.44 11.36 -2.43 14.88 -6.87 17.86 -2.17 11.37 -1.14 -2.27  3.57 -2.32  3.97 
INFO: cmn.c(133): CMN: 42.43 11.71 -5.77 10.28  0.91  7.85 -10.06  0.53  5.11  4.51  3.18 -12.70  4.33 
INFO: cmn.c(133): CMN: 39.91 12.93 -3.73 12.78 -0.70  6.10 -8.83  7.32  2.97  6.93 -2.05 -8.88 -0.91 
INFO: cmn.c(133): CMN: 39.59 11.19 -1.69  8.95  1.61  8.21 -11.95  6.00  5.28  9.44 -3.53 -9.03 -0.50 
INFO: cmn.c(133): CMN: 36.78  7.16  0.93 13.03 -1.33  2.77 -7.78  6.10  6.12  8.10  1.89 -12.19  2.77 
INFO: cmn.c(133): CMN: 39.43 13.59  1.41 13.38 -3.47  8.34 -7.38 -0.49  8.21  6.06 -1.05 -12.42  3.38 
INFO: cmn.c(133): CMN: 43.94  6.72 -1.92 12.85  3.22  3.04 -12.81  2.96  0.03 13.57  1.08 -12.54  3.16 
INFO: cmn.c(133): CMN: 45.57  9.23 -3.60 14.50 -0.37  6.08 -13.96 -0.25  4.05  9.59  1.09 -12.47  8.22 
INFO: cmn.c(133): CMN: 39.65 15.84 -0.28 11.02 -4.02  4.99 -3.59 -2.57  7.63 -2.78  4.15 -18.14  4.99 
INFO: cmn.c(133): CMN: 42.78 12.85  4.64 16.30 -1.50  2.03 -5.04 -1.39 10.19 -0.92  3.28 -18.67  6.79 
INFO: cmn.c(133): CMN: 42.43  7.60  0.27 18.55 -3.43  4.67 -6.48  1.85  6.47  5.68 -3.54 -14.33  8.62 
INFO: cmn.c(133): CMN: 43.43 10.59 -2.49 21.92 -6.40  6.65 -6.63 -2.10  8.14  2.20 -0.58 -15.17  5.62 
INFO: cmn.c(133): CMN: 42.14  9.88 -4.43 25.40 -6.67  5.12 -7.44  0.50  6.22  2.25 -0.85 -18.08  7.33 
INFO: cmn.c(133): CMN: 43.20  6.18  1.31 16.41  3.76 -0.05 -9.96  6.41 -1.92  6.99 -1.38 -20.19 11.14 
INFO: cmn.c(133): CMN: 40.87  8.29 -3.34 21.69  0.25  3.42 -10.85  6.22  0.85  7.50 -4.43 -13.01  6.80 
INFO: cmn.c(133): CMN: 42.83 10.97 -2.25 26.53 -0.43 -0.79 -5.91 -0.64  4.15 -1.88  0.33 -21.95  9.30 
INFO: cmn.c(133): CMN: 43.61 10.36 -2.28 19.19 -2.10  3.80 -9.51  1.55  0.66  3.04 -0.92 -23.36  9.94 
INFO: cmn.c(133): CMN: 44.23  7.61 -5.36 17.38 -2.58  6.54 -14.72  6.97  0.50  8.84 -6.22 -17.32 12.20 
INFO: cmn.c(133): CMN: 43.63  6.89 -1.98 22.63 -2.50 -0.75 -10.10  5.10  0.21 15.28 -9.46 -12.28  8.83 
INFO: cmn.c(133): CMN: 40.53  9.21 -1.01 24.88 -2.26  6.29 -7.33  2.69  4.14  0.65 -1.33 -10.49  5.63 
INFO: cmn.c(133): CMN: 43.33 11.59 -1.51 18.53 -6.36 -2.04 -2.44  1.58  0.38  6.46 -17.83 -8.58  9.48 
INFO: cmn.c(133): CMN: 39.84  5.86  0.56  4.24  6.71  7.14 -11.30  3.31 -1.80  4.46  9.70  0.71 -1.47 
INFO: cmn.c(133): CMN: 33.44  4.23  4.38 12.92 12.80  2.57 -2.72 10.55 -0.88  4.58  6.21 -7.40  2.48 
INFO: cmn.c(133): CMN: 32.46  9.58  7.95  9.08  7.42  4.95 -5.45 13.21 -0.10  2.75  3.50 -8.81 -0.37 
INFO: cmn.c(133): CMN: 37.64  8.60  2.73  6.43  8.50  4.63 -11.68  9.73  0.25  9.46  9.06 -7.05  1.81 
INFO: cmn.c(133): CMN: 35.19  6.43  2.78 19.04  7.92  4.02 -7.90 13.61 -6.31  3.79  2.57 -6.17 -2.25 
INFO: cmn.c(133): CMN: 38.99  5.17  2.73  6.91 10.09  5.54 -16.75 13.17 -9.34  4.35  1.62 -3.14 -3.92 
INFO: cmn.c(133): CMN: 37.43  2.57  6.06 12.50 11.70  1.54 -11.70 14.33 -2.13  5.27  6.25 -7.74 -3.75 
INFO: cmn.c(133): CMN: 37.64  9.06 -1.12 11.08  2.98 -1.40 -5.18  5.16  2.35  6.72  5.82 -3.70 -2.14 
INFO: cmn.c(133): CMN: 37.17 10.42  6.63  8.37  7.74  9.35 -7.87 13.27 -0.14 10.06  6.09  1.26 -3.46 
INFO: cmn.c(133): CMN: 37.00  8.67  8.12  7.25  9.58  5.37 -5.90  9.03 -0.13  2.53 13.59 -8.56 -3.21 
INFO: cmn.c(133): CMN: 36.61  9.42  5.71  9.05  8.32 -4.43  4.10  2.95  1.21  9.23  4.67 -5.98 -1.59 
INFO: cmn.c(133): CMN: 38.88  8.04  2.69 12.26  9.89  0.73 -1.24  7.86 -2.44  6.15  9.77 -7.34 -3.67 
INFO: cmn.c(133): CMN: 34.07  7.00  3.05 10.25  9.44 -2.69  2.47  8.44  1.11  6.84  8.73 -2.89 -1.04 
INFO: cmn.c(133): CMN: 39.74  3.22  1.34  8.78  9.34 -0.83 -11.32  5.80  6.43  7.37 11.09 -5.61 -0.06 
INFO: cmn.c(133): CMN: 38.10  6.66  3.43 19.02 11.72 -5.05  0.53  7.94  0.69  6.39  7.78 -4.82 -0.63 
INFO: cmn.c(133): CMN: 38.49  0.87  7.99 16.01 15.03 -3.87 -5.67 11.61  2.21  7.51  5.01 -7.90  3.57 
INFO: cmn.c(133): CMN: 40.73 11.30  1.24 15.73 12.60 -3.87 -2.22  9.46  1.65  4.41  4.33 -7.12 -2.19 
INFO: cmn.c(133): CMN: 37.87  8.08  3.84 11.27  8.43 -1.59 -4.18  8.56  0.25  7.12  8.10 -7.75 -3.35 
INFO: cmn.c(133): CMN: 36.04  6.98  1.45 20.60  8.82 -1.10 -3.22 11.92 -1.28  9.90  5.49 -6.36  1.84 
[100] INFO: cmn.c(133): CMN: 39.80  6.18  2.37  7.87  5.90 -1.61 -5.99  6.17  0.01  7.47  5.27 -4.96  2.98 
INFO: cmn.c(133): CMN: 48.29  4.29 -5.71 16.13  3.37  5.92 -2.58  3.20 -5.11 -0.63  4.65 -5.89  0.38 
INFO: cmn.c(133): CMN: 51.90  7.09 -9.70 20.41 -1.46  6.79 -9.82 -3.48 -4.70  2.40 12.34 -6.28 -0.17 
INFO: cmn.c(133): CMN: 51.38  7.30 -9.04 11.84  3.41  1.46 -6.75  0.16 -8.80  7.91  2.12 -0.54 -2.27 
INFO: cmn.c(133): CMN: 48.44  7.25 -6.44 23.82 -1.20  4.99 -2.84  2.45 -10.24  5.86  4.68 -3.76 -0.40 
INFO: cmn.c(133): CMN: 47.19  7.39 -8.32 32.85  0.53  4.10  0.11  2.75 -3.67 -3.88  1.90 -3.63 -2.94 
INFO: cmn.c(133): CMN: 46.58  8.51 -1.85 19.29 -1.53  3.79  1.52  3.22 -7.79 -2.65  8.06 -6.59 -2.91 
INFO: cmn.c(133): CMN: 41.96  7.57 -6.09  6.27 -3.20  4.33 -16.28  5.96 -4.28  3.06  1.46 -0.13 -8.00 
INFO: cmn.c(133): CMN: 48.71  2.74 -0.98 -5.17 -2.03  5.36 -10.90  3.13 -0.52  5.71 -17.64  0.39  1.51 
INFO: cmn.c(133): CMN: 50.72 -0.10 -6.13 -4.54 -3.84  0.84 -8.77  7.17 -3.56  9.49 -12.48 -1.77  7.27 
INFO: cmn.c(133): CMN: 51.57  2.64 -2.21  8.68 -5.91  4.22 -9.76 10.23 -9.18 11.61 -16.80 -3.29  4.68 
INFO: cmn.c(133): CMN: 53.21  7.14 -0.64 -3.13 -2.73  4.60 -8.88  3.04 -1.82  6.45 -13.94 -0.24  3.77 
INFO: cmn.c(133): CMN: 48.01  6.95 -2.96  2.91 -15.84  6.77 -1.29 -2.76 -1.92  6.08 -6.57 -2.71  3.41 
INFO: cmn.c(133): CMN: 51.33  8.35 -8.48 -7.60 -10.15  8.95 -6.05  0.21  0.09 11.63 -9.14 -0.44  2.41 
INFO: cmn.c(133): CMN: 55.26  2.11 -5.34  6.69 -13.93 11.79 -16.24  6.85 -14.08  7.81 -11.13 -4.66  5.74 
INFO: cmn.c(133): CMN: 55.05 -2.51  2.01  1.75 -11.34  5.61 -9.95  7.19 -2.63  5.26 -15.84 -0.69  8.13 
INFO: cmn.c(133): CMN: 53.47  5.25 -1.77 -1.73 -11.39  6.12 -5.86  2.22 -3.46  8.87 -12.07 -0.82  2.58 
INFO: cmn.c(133): CMN: 51.19  9.06 -1.65 -2.99 -11.27  6.53 -3.60  2.82 -3.05  8.44 -6.31 -5.87  4.67 
INFO: cmn.c(133): CMN: 52.12  1.24 -0.39  6.99 -10.75  4.47 -3.96  3.00 -3.30  3.29 -15.32 -1.81  2.17 
INFO: cmn.c(133): CMN: 49.77  5.45 -2.71  4.51 -9.75 -0.55  3.79 -1.96 -0.07  1.08 -8.15 -3.48  1.77 
INFO: cmn.c(133): CMN: 54.17  6.50  1.00  5.15 -4.86 -2.04  7.12 -0.26 -4.54  8.33 -9.59  3.35 -0.06 
INFO: cmn.c(133): CMN: 52.34  4.74 -3.73  9.58 -10.59  1.60 -3.16  2.34 -0.31  2.96 -9.83 -5.97  4.58 
INFO: cmn.c(133): CMN: 53.67  1.30  0.44  0.27 -4.99 -1.59  0.56  1.67  0.94  5.97 -12.95  1.05  3.93 
INFO: cmn.c(133): CMN: 46.21  7.11  6.91  7.79 -4.30  1.97 -0.68  2.32 -7.99  2.02 -11.99 -1.66 -2.92 
INFO: cmn.c(133): CMN: 54.23  1.29  4.05  1.19 -6.38  2.03 -0.30  2.89 -6.44  8.67 -14.08  0.22  1.37 
INFO: cmn.c(133): CMN: 57.45 -0.64  2.46  1.12 -7.36  0.59 -3.82 -0.08 -1.61  2.98 -19.07  1.15  4.26 
INFO: cmn.c(133): CMN: 49.88 -0.23 -1.84  1.94 -11.84  4.33 -0.62  4.29 -6.49  7.50 -11.86  1.79 -2.06 
INFO: cmn.c(133): CMN: 53.55  3.33 -3.80 -3.72 -8.79  2.41 -2.99 -1.16  0.07  9.03 -13.39  0.69  1.12 
INFO: cmn.c(133): CMN: 54.24  0.53 -20.49 15.44 -7.79  2.89 -24.70 -6.37 -5.01  2.77  1.05 -7.35 -1.19 
INFO: cmn.c(133): CMN: 55.73  4.37 -10.83 -1.60 -8.50 10.02 -14.85 -1.96 -3.40 -8.75 17.43 -15.60  0.73 
INFO: cmn.c(133): CMN: 52.73  6.71 -6.06  1.98 -8.07  7.32 -5.87 -4.15 -2.69 -7.37 11.03 -14.52  6.34 
INFO: cmn.c(133): CMN: 55.85  5.03 -11.01  3.44 -10.92  7.31 -14.14 -0.40 -6.43 -0.46  4.45 -6.56  0.14 
INFO: cmn.c(133): CMN: 52.17  2.14 -7.58  5.22 -5.10  5.86 -14.70  3.54 -8.30 -4.53  2.48 -7.03 -0.36 
INFO: cmn.c(133): CMN: 53.21  4.45 -11.15  8.88 -7.47  3.99 -11.92  1.92 -5.82 -2.06  2.70 -5.43  0.15 
INFO: cmn.c(133): CMN: 56.49  3.93 -9.72  6.50 -6.79  4.98 -11.74 -1.46 -8.57 -5.83  3.30 -4.98 -3.81 
INFO: cmn.c(133): CMN: 55.55  2.89 -9.87  3.27 -5.68  5.06 -14.62  3.39 -12.74  1.06  3.98 -8.06 -0.42 
INFO: cmn.c(133): CMN: 51.79  4.84 -9.50  7.42 -11.86  5.74 -10.51  3.45 -11.61 -1.54  5.56 -7.93 -0.72 
INFO: cmn.c(133): CMN: 54.37  4.82 -8.14  3.49 -9.37  4.72 -8.63  3.62 -14.84  0.58  3.43 -6.56  2.59 
INFO: cmn.c(133): CMN: 53.30  4.74 -10.39  6.08 -12.88  7.23 -15.63  5.01 -11.97  3.09  4.85 -4.38  0.51 
INFO: cmn.c(133): CMN: 53.41  7.31 -10.34  7.00 -8.48  6.55 -10.71  3.97 -17.05 -2.58  6.25 -9.55  4.79 
INFO: cmn.c(133): CMN: 56.42  3.54 -11.67  2.63 -11.79  5.60 -14.15  7.14 -14.59  2.03  4.79 -5.79  0.82 
INFO: cmn.c(133): CMN: 54.56  1.58 -8.31 10.27 -7.96  3.78 -16.65  9.03 -13.25 -4.54  3.23 -6.55  2.16 
INFO: cmn.c(133): CMN: 55.88  4.42 -11.22  5.24 -5.85  1.52 -13.64  7.71 -12.19 -2.46  3.16 -9.10  2.90 
INFO: cmn.c(133): CMN: 54.41  2.70 -10.23  3.58 -9.66  5.67 -15.57  3.90 -13.42  3.65  4.17 -8.63  2.01 
INFO: cmn.c(133): CMN: 55.12  2.82 -11.01  8.18 -8.00  5.51 -15.77  1.76 -13.04  0.50  3.50 -7.69  3.31 
INFO: cmn.c(133): CMN: 49.95  5.18 -10.68 12.14 -11.55  6.17 -15.08  6.17 -14.84 -1.44  2.40 -2.94 -0.38 
INFO: cmn.c(133): CMN: 52.02  6.47 -13.31 10.44 -10.34  1.95 -9.11  1.58 -16.68 -1.16  1.23 -2.80 -0.60 
INFO: cmn.c(133): CMN: 53.92  6.24 -10.67  9.44 -10.09  8.10 -16.13  9.21 -17.02  2.08 -0.54  0.20 -2.29 
INFO: cmn.c(133): CMN: 49.37 14.57 -10.10 13.79  1.78 -1.71  0.85 -2.78  0.48 -5.73  3.39 -7.77 -0.79 
INFO: cmn.c(133): CMN: 51.29  9.32 -12.48 19.16 -2.26  5.20 -6.61  2.61 -3.57 -5.91  4.71 -9.80  1.13 
INFO: cmn.c(133): CMN: 51.28 11.57 -9.00 10.78  2.94  2.25 -4.88 -1.93  0.34 -2.65  5.76 -6.72 -1.34 
INFO: cmn.c(133): CMN: 52.64  6.81 -10.72  6.05 -5.67  8.16 -9.74  3.52 -4.62  8.79 -1.52 -3.25 -3.74 
INFO: cmn.c(133): CMN: 53.45 14.15 -11.33 11.82 -9.70  6.25 -4.47  3.07 -8.78  1.80 -1.41 -4.49 -1.52 
INFO: cmn.c(133): CMN: 54.04  9.00 -12.72  8.91 -5.02  4.24 -11.42  2.47 -6.97  2.19  0.38 -2.06 -3.30 
INFO: cmn.c(133): CMN: 55.49 10.26 -13.29 14.48 -5.60  7.31 -10.32  3.04 -6.92  0.95  2.41 -6.86 -1.22 
INFO: cmn.c(133): CMN: 55.34  8.08 -11.68 11.80 -6.49  7.05 -13.86  1.32 -2.55  4.62  0.99 -10.19  2.30 
INFO: cmn.c(133): CMN: 57.13  7.57 -13.11 19.12 -2.37  4.50 -10.55  3.75 -3.46  2.16 -0.72 -9.48  1.37 
INFO: cmn.c(133): CMN: 57.73  8.64 -10.72 17.29  1.05  5.51 -8.16  0.36 -3.59 -1.40  3.69 -7.88  1.21 
INFO: cmn.c(133): CMN: 58.30 10.50 -14.20 12.63 -8.25  9.16 -11.53  0.20 -8.40  3.24  0.11 -5.08  0.72 
INFO: cmn.c(133): CMN: 55.58  7.18 -13.77 12.06 -4.41  8.53 -7.98 -0.50 -3.96  5.05 -0.84 -4.94  1.64 
INFO: cmn.c(133): CMN: 56.06  7.56 -13.57  4.63 -3.61  6.47 -12.17  0.43 -6.04  5.22 -0.31 -5.53  1.14 
INFO: cmn.c(133): CMN: 57.09  6.51 -12.82 14.00 -5.74  8.58 -9.58 -2.20 -0.23  1.95 -4.46 -4.97  2.35 
INFO: cmn.c(133): CMN: 57.51  9.42 -11.50 11.43 -5.17  8.08 -4.30 -0.89 -8.38  4.79  3.86 -5.56  0.81 
INFO: cmn.c(133): CMN: 56.43  9.80 -11.71 19.85 -2.99  1.39 -5.33 -2.69 -7.81  0.47 -3.83 -5.59 -0.96 
INFO: cmn.c(133): CMN: 54.41  9.52 -9.91 13.50 -2.71 -0.02 -0.27 -5.49 -0.61  1.36 -1.03  0.29 -4.21 
INFO: cmn.c(133): CMN: 54.56  8.70 -12.41 26.93 -8.53  1.17  3.46 -9.35  3.59 -2.25  2.35 -6.93 -3.71 
INFO: cmn.c(133): CMN: 55.34  7.97 -8.54 18.19 -2.90  4.14 -4.04 -6.51 -0.18 -6.15  0.84 -5.43 -2.88 
INFO: cmn.c(133): CMN: 57.89  5.86 -12.22 14.36 -7.26  6.30 -3.58 -5.66 -0.25 -0.32 -0.63 -4.78 -1.36 
INFO: cmn.c(133): CMN: 46.60  9.91  1.03  9.86 -3.26  6.79 -5.51 -3.56 -2.90 -1.86  3.09 -1.84  0.06 
INFO: cmn.c(133): CMN: 49.40  6.94 -2.29  7.48 -5.37  9.58 -12.79 -4.43 -3.32 -1.51  4.96  0.70  3.95 
INFO: cmn.c(133): CMN: 47.88  9.29 -0.57  7.90 -7.45  6.21 -4.56 -0.45 -3.28  2.08  3.83  2.32  0.23 
INFO: cmn.c(133): CMN: 48.42  8.11  2.01  4.02 -6.19  9.33 -2.63  1.02 -3.33 -0.79  4.76 -2.14 -1.98 
INFO: cmn.c(133): CMN: 50.07  8.05  2.31 -1.08 -3.57  7.41 -3.74 -2.17 -4.01 -0.95  4.22 -0.48 -1.37 
INFO: cmn.c(133): CMN: 48.00  8.83 -2.70  8.01 -3.02  3.85 -2.40  3.23 -4.75  2.77  3.36 -0.35  0.78 
INFO: cmn.c(133): CMN: 47.67  7.60  1.04  4.82 -5.68  8.35 -6.69  1.28 -1.30 -0.39  3.66 -1.91  2.33 
INFO: cmn.c(133): CMN: 47.82 11.01 -1.27  2.13 -8.32  8.50 -4.46  0.78 -5.43 -4.91  6.88 -2.89  1.92 
INFO: cmn.c(133): CMN: 49.70 11.47  0.53 -0.14 -6.63  6.23 -4.55 -2.19 -0.34  0.73  4.69 -3.45  3.73 
INFO: cmn.c(133): CMN: 48.78  8.20  5.06 -1.21 -4.37  6.52 -2.80  3.37 -1.34 -3.89 -2.38 -1.68 -1.65 
INFO: cmn.c(133): CMN: 53.35  6.58 -1.69  0.13 -8.07  8.37 -9.71 -2.84 -0.03  2.11  4.90 -4.67  3.65 
INFO: cmn.c(133): CMN: 47.96 10.06  2.11  3.03 -6.56  8.03 -6.62  3.41 -3.00 -1.50  3.20 -3.73  2.20 
INFO: cmn.c(133): CMN: 47.56  9.39  1.38  1.93 -5.98  5.03 -4.39  1.97 -0.31  2.42 -0.10 -4.19  1.75 
INFO: cmn.c(133): CMN: 47.90  6.48  2.69  6.27 -2.29  2.92 -2.55  1.68 -3.35  2.72  2.77 -1.66  2.78 
INFO: cmn.c(133): CMN: 47.44 10.36 -0.06  7.58 -4.41  4.40 -0.73  0.99 -2.35  0.46  4.42 -4.89 -0.48 
INFO: cmn.c(133): CMN: 46.86 10.60  3.23  5.13 -4.81  4.67 -0.35  3.14 -1.11 -2.62 -0.23 -1.01  1.68 
INFO: cmn.c(133): CMN: 52.28  5.70 -0.69  1.34 -6.68  5.94 -8.76  1.45 -1.48  2.26  0.28  0.38  0.60 
INFO: cmn.c(133): CMN: 50.93  9.49 -2.33  5.72 -7.47  6.11 -6.22  3.63 -3.00  2.78  2.87  0.61 -0.24 
INFO: cmn.c(133): CMN: 46.88  6.68 -1.25 12.53 -3.02  7.45 -6.05  0.34 -4.03  3.78  1.07 -2.74  2.53 
INFO: cmn.c(133): CMN: 47.91 10.95 -4.55 11.89 -9.60  4.49 -7.05  3.01 -4.63  2.50  3.98 -4.13  3.88 
INFO: cmn.c(133): CMN: 49.34  7.64 -1.47  8.94 -3.31  6.71 -8.23  6.83 -6.60  3.39 -0.58  0.16 -0.66 
INFO: cmn.c(133): CMN: 47.19  6.87  1.68  8.56 -5.73  5.20 -5.54  4.58 -4.61  1.99  1.60 -2.19  4.17 
INFO: cmn.c(133): CMN: 48.68  9.83 -1.35  3.21 -7.67  8.13 -6.50  2.87 -2.30  7.97  1.64 -0.97  0.90 
INFO: cmn.c(133): CMN: 49.49  9.05 -2.44  8.21 -5.00  5.75 -11.46 -1.09 -0.68 -0.75  8.64 -2.26  3.07 
INFO: cmn.c(133): CMN: 48.83  8.61  4.96 -0.08 -5.99  7.45 -9.42  2.46 -1.40  0.17  5.13 -2.21  3.72 
INFO: cmn.c(133): CMN: 49.74  7.01  1.83  9.72 -3.39  5.68 -8.67  4.10 -7.61  1.93  3.01  0.48 -1.97 
INFO: cmn.c(133): CMN: 49.42  6.89  3.21  3.86 -4.96  4.76 -7.17  0.86 -3.01  2.51  3.02 -1.87  0.54 
INFO: cmn.c(133): CMN: 50.53  8.77  0.05  1.33 -6.51  5.30 -8.98  1.37 -1.49  2.54  7.19 -2.73  1.08 
INFO: cmn.c(133): CMN: 51.17  4.71  1.63  2.10 -5.12  6.12 -10.29  2.57 -2.87  0.95  3.34 -2.65  1.30 
INFO: cmn.c(133): CMN: 46.54  8.12  0.80  8.61 -2.81  8.26 -8.77  5.90 -5.29  2.32  0.84 -4.49  2.93 
INFO: cmn.c(133): CMN: 46.52  8.53 -5.12  9.89 -5.48  6.75 -13.20  2.50 -7.24  4.33 -1.64  3.37  1.91 
INFO: cmn.c(133): CMN: 45.72  2.85 -5.29 21.48 -9.91  7.38 -20.39 16.96 -12.47 10.98 -5.37  1.81  5.97 
[200] INFO: cmn.c(133): CMN: 46.91  6.24 -7.58 36.94 -7.37  5.59 -18.82  8.85 -17.67  5.87 -2.54 -1.98  6.85 
INFO: cmn.c(133): CMN: 39.12  3.65 -3.97 26.12 -3.04  3.22 -11.22  4.80 -7.33  2.89 -0.11  2.35 -1.39 
INFO: cmn.c(133): CMN: 40.48  9.47 -4.04 25.70 -10.17  1.06 -9.95 10.57 -14.61 15.70 -4.07  3.98  3.83 
INFO: cmn.c(133): CMN: 43.93 -0.32 -3.85 24.83 -2.40  4.38 -20.91 13.56 -16.97 13.67 -5.54  6.01  1.13 
INFO: cmn.c(133): CMN: 44.70  5.77 -10.37 25.26 -7.25  5.84 -16.82 13.36 -18.86 15.35 -4.82  1.56  2.41 
INFO: cmn.c(133): CMN: 42.40 11.33 -8.78 18.35 -9.83  9.80 -17.57 14.89 -13.00 14.00 -2.17 -0.96  6.40 
INFO: cmn.c(133): CMN: 42.92  1.40 -8.12 25.62 -7.73  7.92 -16.72  9.51 -13.47 13.83 -5.69  3.28  3.01 
INFO: cmn.c(133): CMN: 43.17  8.92 -5.52 26.87 -8.66  6.81 -15.13  6.30 -7.58  5.46  2.20 -0.02  3.60 
INFO: cmn.c(133): CMN: 41.50  2.90 -4.69 22.93 -2.70  6.43 -14.25  3.87 -8.96  4.62 -1.63  0.68  0.89 
INFO: cmn.c(133): CMN: 39.97  4.12 -3.84 18.56 -2.46  6.25 -12.18  2.57 -7.84  6.96 -5.16  6.58 -2.28 
INFO: cmn.c(133): CMN: 37.23  9.28 -2.12 25.79 -7.95  5.61 -11.06  5.70 -7.92  8.78 -5.34  7.39  1.48 
INFO: cmn.c(133): CMN: 42.08  8.66 -10.37 16.37 -14.57  9.20 -17.24  9.49 -8.50 12.16 -5.26  2.16  0.44 
INFO: cmn.c(133): CMN: 45.11  2.38 -8.88 19.21 -8.65 11.18 -20.97  5.51 -7.67  5.46 -4.77  2.94  6.28 
INFO: cmn.c(133): CMN: 41.68  5.01  3.76 11.89 -10.43  5.42 -12.37 -1.33 -2.17 18.42 -4.28 -3.25  3.20 
INFO: cmn.c(133): CMN: 35.86  8.52  1.08 14.51  7.86 -9.67 -12.40  8.62 -8.76 15.53  2.16 -1.63  5.60 
INFO: cmn.c(133): CMN: 35.08  9.81  3.55  7.79 10.01 -12.42 -7.65  2.79 -7.17  8.40  9.89 -5.98  6.28 
INFO: cmn.c(133): CMN: 37.73 10.56 -2.65 11.14  5.71 -7.90 -17.29  9.66 -9.47 13.18  5.44 -5.91  1.54 
INFO: cmn.c(133): CMN: 35.91 12.83 -2.08 19.13  5.01 -9.72 -10.39  4.03 -8.02 10.17  4.58 -2.81  2.24 
INFO: cmn.c(133): CMN: 35.90 11.31 -0.31 22.59  2.01 -8.79 -11.33  6.66 -9.60 11.29  4.49 -0.85  0.62 
INFO: cmn.c(133): CMN: 36.32 13.54  1.40 19.78  3.44 -8.61 -13.08  5.43 -9.92 11.37  3.79 -6.82  4.44 
INFO: cmn.c(133): CMN: 38.81  7.78  2.02 14.79  2.55 -9.20 -15.28  7.05 -10.57  8.32  7.12 -7.18  0.72 
INFO: cmn.c(133): CMN: 39.07  6.12  3.79 13.43  3.55 -2.66 -13.71  6.91 -9.57 13.60  2.78  0.46  1.46 
INFO: cmn.c(133): CMN: 37.58  7.01  1.78  6.67  4.34  0.89 -18.61  9.78 -4.78  7.44  4.05 -1.22  0.92 
INFO: cmn.c(133): CMN: 39.77  8.68  8.66  4.78  4.45  1.09 -28.13  9.44 -3.07  8.01  5.79 -2.20  3.74 
INFO: cmn.c(133): CMN: 41.66  7.88  2.13  6.48  5.83 -2.84 -25.41  8.03 -2.78 11.30  8.59 -4.44  1.38 
INFO: cmn.c(133): CMN: 39.08  8.30  3.10  6.70  7.59 -3.43 -21.52  5.38  1.03  2.91 15.77 -9.62  3.23 
INFO: cmn.c(133): CMN: 38.13 12.33  0.57  4.45  6.20 -7.28 -18.30  4.25 -1.01  8.11 11.59 -4.35  2.90 
INFO: cmn.c(133): CMN: 38.78  6.60  4.39 18.99  4.36 -4.65 -20.21  5.32 -3.42  5.06  9.79 -6.48  2.20 
INFO: s3gau_io.c(485): Wrote /Users/a0m0195/FinalModel/bwaccumdir/FinalModel_buff_1/gauden_counts with means [1x1x1 vector arrays]
Tue Jun 13 11:51:37 2017
