Current configuration:
[NAME]		[DEFLT]	[VALUE]
-example	no	no
-help		no	no
-mixwfn			/Users/a0m0195/FinalModel/model_parameters/FinalModel.ci_cont_flatinitial/mixture_weights
-moddeffn		/Users/a0m0195/FinalModel/model_architecture/FinalModel.ci.mdef
-ndensity	256	1
-nstream	4	1
-tmatfn			/Users/a0m0195/FinalModel/model_parameters/FinalModel.ci_cont_flatinitial/transition_matrices
-topo			/Users/a0m0195/FinalModel/model_architecture/FinalModel.topology

INFO: model_def_io.c(573): Model definition info:
INFO: model_def_io.c(574): 29 total models defined (29 base, 0 tri)
INFO: model_def_io.c(575): 116 total states
INFO: model_def_io.c(576): 87 total tied states
INFO: model_def_io.c(577): 87 total tied CI states
INFO: model_def_io.c(578): 29 total tied transition matrices
INFO: model_def_io.c(579): 4 max state/model
INFO: model_def_io.c(580): 4 min state/model
INFO: s3tmat_io.c(176): Wrote /Users/a0m0195/FinalModel/model_parameters/FinalModel.ci_cont_flatinitial/transition_matrices [29x3x4 array]
INFO: s3mixw_io.c(233): Wrote /Users/a0m0195/FinalModel/model_parameters/FinalModel.ci_cont_flatinitial/mixture_weights [87x1x1 array]
main.c(83): Reading model definition file /Users/a0m0195/FinalModel/model_architecture/FinalModel.ci.mdef
main.c(90): 29 models defined
Tue Jun 13 11:51:37 2017
