        INFO: main.c(229): Compiled on Jun  6 2017 at 11:53:04
Current configuration:
[NAME]		[DEFLT]		[VALUE]
-2passvar	no		yes
-abeam		1e-100		1.000000e-90
-accumdir			/Users/a0m0195/FinalModel/bwaccumdir/FinalModel_buff_1
-agc		none		none
-agcthresh	2.0		2.000000e+00
-bbeam		1e-100		1.000000e-10
-cb2mllrfn	.1cls.		.1cls.
-cepdir				/Users/a0m0195/FinalModel/feat
-cepext		mfc		mfc
-ceplen		13		13
-ckptintv			0
-cmn		live		batch
-cmninit	40,3,-1		40,3,-1
-ctlfn				/Users/a0m0195/FinalModel/etc/train.fileids
-diagfull	no		no
-dictfn				/Users/a0m0195/FinalModel/etc/FinalModel.dic
-example	no		no
-fdictfn			/Users/a0m0195/FinalModel/etc/FinalModel.filler
-feat		1s_c_d_dd	1s_c_d_dd
-fullvar	no		no
-help		no		no
-hmmdir				
-latdir				
-latext				
-lda				
-ldadim		0		0
-lsnfn				/Users/a0m0195/FinalModel/etc/train.transcription
-lw		11.5		1.150000e+01
-maxuttlen	0		0
-meanfn				/Users/a0m0195/FinalModel/model_parameters/FinalModel.ci_cont/means
-meanreest	yes		yes
-mixwfn				/Users/a0m0195/FinalModel/model_parameters/FinalModel.ci_cont/mixture_weights
-mixwreest	yes		yes
-mllrmat			
-mmie		no		no
-mmie_type	rand		rand
-moddeffn			/Users/a0m0195/FinalModel/model_architecture/FinalModel.ci.mdef
-mwfloor	0.00001		1.000000e-08
-npart				1
-nskip				0
-outphsegdir			
-outputfullpath	no		no
-part				1
-pdumpdir			
-phsegdir			
-phsegext	phseg		phseg
-runlen		-1		-1
-sentdir			
-sentext	sent		sent
-spthresh	0.0		0.000000e+00
-svspec				
-timing		yes		no
-tmatfn				/Users/a0m0195/FinalModel/model_parameters/FinalModel.ci_cont/transition_matrices
-tmatreest	yes		yes
-topn		4		1
-tpfloor	0.0001		1.000000e-04
-ts2cbfn			.cont.
-varfloor	0.00001		1.000000e-04
-varfn				/Users/a0m0195/FinalModel/model_parameters/FinalModel.ci_cont/variances
-varnorm	no		no
-varreest	yes		yes
-viterbi	no		no

INFO: feat.c(715): Initializing feature stream to type: '1s_c_d_dd', ceplen=13, CMN='batch', VARNORM='no', AGC='none'
INFO: main.c(318): Reading /Users/a0m0195/FinalModel/model_architecture/FinalModel.ci.mdef
INFO: model_def_io.c(573): Model definition info:
INFO: model_def_io.c(574): 29 total models defined (29 base, 0 tri)
INFO: model_def_io.c(575): 116 total states
INFO: model_def_io.c(576): 87 total tied states
INFO: model_def_io.c(577): 87 total tied CI states
INFO: model_def_io.c(578): 29 total tied transition matrices
INFO: model_def_io.c(579): 4 max state/model
INFO: model_def_io.c(580): 4 min state/model
INFO: s3mixw_io.c(117): Read /Users/a0m0195/FinalModel/model_parameters/FinalModel.ci_cont/mixture_weights [87x1x1 array]
INFO: s3tmat_io.c(118): Read /Users/a0m0195/FinalModel/model_parameters/FinalModel.ci_cont/transition_matrices [29x3x4 array]
INFO: mod_inv.c(301): inserting tprob floor 1.000000e-04 and renormalizing
INFO: s3gau_io.c(169): Read /Users/a0m0195/FinalModel/model_parameters/FinalModel.ci_cont/means [87x1x1 array]
INFO: s3gau_io.c(169): Read /Users/a0m0195/FinalModel/model_parameters/FinalModel.ci_cont/variances [87x1x1 array]
INFO: gauden.c(176): 87 total mgau
INFO: gauden.c(150): 1 feature streams (|0|=39 )
INFO: gauden.c(187): 1 total densities
INFO: gauden.c(90): min_var=1.000000e-04
INFO: gauden.c(165): compute 1 densities/frame
INFO: main.c(431): Will reestimate mixing weights.
INFO: main.c(433): Will reestimate means.
INFO: main.c(435): Will reestimate variances.
INFO: main.c(443): Will reestimate transition matrices
INFO: main.c(456): Reading main dictionary: /Users/a0m0195/FinalModel/etc/FinalModel.dic
INFO: lexicon.c(221): 22 entries added from /Users/a0m0195/FinalModel/etc/FinalModel.dic
INFO: main.c(466): Reading filler dictionary: /Users/a0m0195/FinalModel/etc/FinalModel.filler
INFO: lexicon.c(221): 3 entries added from /Users/a0m0195/FinalModel/etc/FinalModel.filler
INFO: corpus.c(1062): Will process all remaining utts starting at 0
INFO: main.c(665): Reestimation: Baum-Welch
INFO: cmn.c(133): CMN: 41.43  5.59 -0.58  7.97  9.71  6.76  0.97 -5.72  4.02  7.25  9.73 -4.18  0.02 
column defns
	<seq>
	<id>
	<n_frame_in>
	<n_frame_del>
	<n_state_shmm>
	<avg_states_alpha>
	<avg_states_beta>
	<avg_states_reest>
	<avg_posterior_prune>
	<frame_log_lik>
	<utt_log_lik>
	... timing info ... 
utt>     0                        a1  556    0INFO: cvt2triphone.c(199): no multiphones defined, no conversion done
   120 85  9 19 1.467806e-11 -1.602020e+02 -8.907232e+04
INFO: cmn.c(133): CMN: 38.20  5.22  3.76  5.65  8.16  3.02  6.37  5.59 -1.80  8.18  9.69 -6.42 -0.53 
utt>     1                        a2  541    0    88 58  7 15 1.477983e-11 -1.591212e+02 -8.608455e+04
INFO: cmn.c(133): CMN: 43.24  2.81  3.64  2.72  7.04  5.13 -5.25  3.22 -0.36 -0.25 14.15 -0.99 -5.04 
utt>     2                        a3  562    0   108 76  7 15 1.550499e-11 -1.603605e+02 -9.012262e+04
INFO: cmn.c(133): CMN: 41.55  3.04 -0.32  9.50  7.40  2.31  5.71  2.13 -2.70 12.46  9.87 -2.78  0.70 
utt>     3                        a4  558    0    80 58  8 17 1.391193e-11 -1.585289e+02 -8.845915e+04
INFO: cmn.c(133): CMN: 34.79  3.70  0.63 18.43  3.96  2.88 -1.86  6.62  2.45  3.15 13.78 -4.11 -1.34 
utt>     4                        a5  564    0    92 54  6 13 1.423338e-11 -1.581120e+02 -8.917516e+04
INFO: cmn.c(133): CMN: 37.04  6.98  1.81 10.39 -0.04  4.00  4.15  9.05 -7.85 11.84  6.06 -2.15  1.96 
utt>     5                        a6  545    0    76 52  7 14 1.064120e-11 -1.568603e+02 -8.548888e+04
INFO: cmn.c(133): CMN: 39.98  2.59  4.70  6.49  6.19  4.47 -1.36  6.23  5.61  3.11 15.86 -14.93 10.14 
utt>     6                        a7  545    0   104 62  8 16 1.246235e-11 -1.589589e+02 -8.663258e+04
INFO: cmn.c(133): CMN: 43.38  1.61  2.92  3.19 10.43  2.31 -5.99  2.66 -12.27  6.25 -1.49 -2.50  4.78 
utt>     7                        a8  569    0   116 80  11 21 2.080131e-11 -1.638220e+02 -9.321474e+04
INFO: cmn.c(133): CMN: 43.25  1.11 -0.62  7.53 10.59  5.35 -3.39  3.72  0.19 -0.61  9.75  3.86  1.42 
utt>     8                        a9  554    0   140 99  10 20 1.473578e-11 -1.622072e+02 -8.986280e+04
INFO: cmn.c(133): CMN: 44.87  4.09 -6.10  7.47  4.12  3.09 -7.07 10.00 -3.48  1.38 17.03  1.13  3.14 
utt>     9                       a10  507    0    88 67  8 16 1.588957e-11 -1.591711e+02 -8.069975e+04
INFO: cmn.c(133): CMN: 40.12  5.47 -1.49 15.44  4.68  5.28 -6.43 15.41 -3.98 -1.18 11.90 -1.58  0.24 
utt>    10                       a11  561    0    88 50  7 14 1.170206e-11 -1.584779e+02 -8.890608e+04
INFO: cmn.c(133): CMN: 42.76  7.39 -0.57  3.92  2.84  5.12 -1.08  2.64  3.21  2.67 11.24  3.33  1.02 
utt>    11                       a12  513    0    96 64  8 16 1.313605e-11 -1.581966e+02 -8.115485e+04
INFO: cmn.c(133): CMN: 43.37  3.27 -3.97 15.43 10.98  8.37 -10.81 12.61 -4.64  5.11 10.23 -0.05  4.65 
utt>    12                       a13  517    0   116 66  9 17 1.552842e-11 -1.602617e+02 -8.285530e+04
INFO: cmn.c(133): CMN: 40.08  1.47 -0.20 16.62  8.46  1.99 -1.18 10.85 -0.33 -0.86  8.15  0.42 -2.54 
utt>    13                       a14  554    0    88 57  7 15 1.191241e-11 -1.595431e+02 -8.838685e+04
INFO: cmn.c(133): CMN: 41.80  0.11 -1.94 12.67 16.80  4.15 -10.47 11.41 -4.51 -7.15 15.06 -4.39 -0.78 
utt>    14                       a15  481    0   104 66  9 18 1.342110e-11 -1.621918e+02 -7.801425e+04
INFO: cmn.c(133): CMN: 40.43  8.87 -3.61  8.98 11.65 -1.68  0.15  9.94  2.04  3.95 13.82 -8.76  1.43 
utt>    15                       a16  495    0    84 55  7 15 1.471363e-11 -1.585352e+02 -7.847493e+04
INFO: cmn.c(133): CMN: 35.67  3.73  3.30 12.92  8.94  2.19  0.30  9.63 -5.65 11.74  0.37 -5.38  4.23 
utt>    16                       a17  541    0    88 53  6 12 1.105579e-11 -1.579269e+02 -8.543845e+04
INFO: cmn.c(133): CMN: 35.70  8.97 -2.75 14.90 -3.94  2.12 -0.27  7.24 -8.84  9.54  1.06 -0.24  2.45 
utt>    17                       a18  552    0    72 47  6 12 9.332309e-12 -1.568771e+02 -8.659613e+04
INFO: cmn.c(133): CMN: 38.22  9.99 -3.32  6.56  1.69  6.87 -3.93  8.52 -1.87  7.77 15.21 -13.96 12.66 
utt>    18                       a19  548    0    92 56  8 16 1.491755e-11 -1.582137e+02 -8.670110e+04
INFO: cmn.c(133): CMN: 39.57  0.12  3.32 14.38 10.34  1.70 -5.39 11.15 -5.46  0.84 19.07 -12.93 12.48 
utt>    19                       a20  515    0    92 60  8 17 1.235156e-11 -1.600130e+02 -8.240668e+04
INFO: cmn.c(133): CMN: 42.74 11.07 -1.86  9.98  5.33  6.15 -0.35  6.62 -12.16  7.19  0.74 -6.00  0.65 
utt>    20                        b1  551    0    88 62  6 12 1.082769e-11 -1.594625e+02 -8.786383e+04
INFO: cmn.c(133): CMN: 50.31  5.18 -4.75 12.30  7.50 10.75 -11.24  4.53 -13.22  5.67  0.76 -4.39  0.90 
utt>    21                        b2  572    0   132 87  9 17 1.605951e-11 -1.621995e+02 -9.277810e+04
INFO: cmn.c(133): CMN: 43.68 12.26 -5.10  9.76 -1.74  6.16 -1.27  3.06 -9.67  5.36  0.04 -6.16 -2.42 
utt>    22                        b3  557    0    76 42  6 12 9.255117e-12 -1.571724e+02 -8.754504e+04
INFO: cmn.c(133): CMN: 47.57  7.12 -7.57 12.93  4.15  6.08 -3.06 -0.40 -7.77  8.32 -2.03 -0.97 -0.85 
utt>    23                        b4  559    0   100 63  6 13 1.499760e-11 -1.588230e+02 -8.878208e+04
INFO: cmn.c(133): CMN: 49.14  4.59 -7.08 13.28  6.02  2.74 -3.21 -2.98 -6.89  5.07 -0.83 -3.31  1.26 
utt>    24                        b5  512    0    96 64  7 15 1.913595e-11 -1.624306e+02 -8.316445e+04
INFO: cmn.c(133): CMN: 46.44  9.72 -4.83 22.45 -3.12  3.27 -1.35  1.39 -8.69  8.84  1.80 -5.58  2.70 
utt>    25                        b6  565    0    80 55  7 14 1.067896e-11 -1.590177e+02 -8.984501e+04
INFO: cmn.c(133): CMN: 42.36  6.93 -5.76 10.12  1.86  6.14 -5.28  1.45 -10.87 16.10 -0.43 -0.74  5.50 
utt>    26                        b7  562    0    96 62  7 13 1.062753e-11 -1.585662e+02 -8.911422e+04
INFO: cmn.c(133): CMN: 47.54  9.19 -5.49 13.63  2.90  3.81 -0.76 -0.60 -5.66  7.97  8.15 -8.03  3.33 
utt>    27                        b8  559    0    96 61  9 19 1.552612e-11 -1.604318e+02 -8.968140e+04
INFO: cmn.c(133): CMN: 48.80  9.34 -9.51  6.86  0.80  6.75 -5.23  2.64 -11.49 12.45  4.45 -4.21  2.66 
utt>    28                        b9  547    0    76 49  8 17 1.462061e-11 -1.585062e+02 -8.670288e+04
INFO: cmn.c(133): CMN: 45.53  5.86 -5.49 16.38  7.28  0.39 -0.52  0.58 -11.87  7.85 -6.59 -0.28 -1.67 
utt>    29                       b10  567    0    84 54  7 14 1.102884e-11 -1.602350e+02 -9.085323e+04
INFO: cmn.c(133): CMN: 47.94  5.57 -4.99 20.03  6.96  0.49  5.36 -5.10 -6.61  4.53  4.21 -9.41  4.20 
utt>    30                       b11  562    0   104 68  8 15 1.450789e-11 -1.631447e+02 -9.168735e+04
INFO: cmn.c(133): CMN: 45.11  6.61 -6.65 22.62  6.80  1.46 -2.63  3.61 -5.75  2.47  5.79 -3.67  3.59 
utt>    31                       b12  549    0    92 55  7 15 1.144768e-11 -1.607552e+02 -8.825463e+04
INFO: cmn.c(133): CMN: 49.64 10.20 -10.18 25.07  3.96  2.47 -0.39 -0.78 -7.77  5.70  9.79 -9.66  5.52 
utt>    32                       b13  525    0    96 60  9 18 2.200496e-11 -1.611698e+02 -8.461417e+04
INFO: cmn.c(133): CMN: 48.49  7.26 -7.39 21.25  0.22  6.26 -2.91  4.09 -3.40 -1.11 -0.99 -8.29 -2.14 
utt>    33                       b14  565    0    92 60  6 13 1.063985e-11 -1.615787e+02 -9.129197e+04
INFO: cmn.c(133): CMN: 48.89  5.60 -6.13 16.79  9.26  5.75 -8.84 -1.32 -2.71  5.54  2.92 -8.06  3.43 
utt>    34                       b15  508    0    92 58  7 14 1.065693e-11 -1.607385e+02 -8.165518e+04
INFO: cmn.c(133): CMN: 49.30  5.56 -5.11 16.54  4.31 10.14 -13.47  3.70 -10.87 10.00 -1.22 -5.33  5.59 
utt>    35                       b16  577    0   108 71  7 13 1.253633e-11 -1.612074e+02 -9.301667e+04
INFO: cmn.c(133): CMN: 51.90  3.73 -6.29 11.18  7.60  7.74 -7.00 -2.05 -7.98  5.15  0.77 -3.63  2.78 
utt>    36                       b17  574    0   112 63  7 14 1.333497e-11 -1.635303e+02 -9.386637e+04
INFO: cmn.c(133): CMN: 52.10  3.87 -7.74 18.87  8.35  8.81 -10.57  6.30 -7.59  5.40  2.56 -6.06  2.83 
utt>    37                       b18  523    0   108 78  8 16 1.357368e-11 -1.630568e+02 -8.527871e+04
INFO: cmn.c(133): CMN: 51.29  1.97 -7.86 10.81  4.34  5.69 -4.48  1.45 -6.48  7.23  5.58 -2.45  1.15 
utt>    38                       b19  576    0   108 71  7 14 1.231866e-11 -1.628687e+02 -9.381238e+04
INFO: cmn.c(133): CMN: 51.47  6.23 -4.89  7.46  1.43  4.38  3.60  0.32 -6.21 10.35 -2.68  0.31  1.29 
utt>    39                       b20  497    0    92 62  7 14 1.523997e-11 -1.607691e+02 -7.990224e+04
INFO: cmn.c(133): CMN: 37.70 10.70 -3.70 10.80 -5.14 17.76 -3.58  7.39 -3.71  4.61  4.21 -3.36 -2.18 
utt>    40                        c1  562    0   104 68  9 18 2.470628e-11 -1.578914e+02 -8.873494e+04
INFO: cmn.c(133): CMN: 38.63  8.51 -0.61 14.93  1.67 15.77 -2.12 14.95 -4.30  2.53  1.82 -5.02 -2.07 
utt>    41                        c2  553    0    92 50  7 13 1.228591e-11 -1.609451e+02 -8.900266e+04
INFO: cmn.c(133): CMN: 39.75  7.86 -2.35 15.71 -1.68 17.07 -1.87 16.92 -8.74  5.41 -0.71 -2.15  2.92 
utt>    42                        c3  566    0    88 46  6 11 1.003984e-11 -1.575738e+02 -8.918675e+04
INFO: cmn.c(133): CMN: 40.63  5.96  1.24 10.88 -3.65 17.23 -4.20 13.67 -10.86  9.86 -0.23 -1.19 -2.89 
utt>    43                        c4  520    0    88 56  7 15 1.512841e-11 -1.575533e+02 -8.192774e+04
INFO: cmn.c(133): CMN: 41.19  8.42  0.40 19.10 -1.45 13.79 -0.59 16.46 -14.26 -0.30 -3.51  1.54 -5.07 
utt>    44                        c5  483    0    72 50  5 11 9.327451e-12 -1.571401e+02 -7.589866e+04
INFO: cmn.c(133): CMN: 40.63  3.04 -1.91 17.49  7.24 10.19 -1.93 17.40 -11.82  2.43 -3.04 -1.67 -5.66 
utt>    45                        c6  486    0    96 65  8 16 1.345231e-11 -1.589743e+02 -7.726150e+04
INFO: cmn.c(133): CMN: 42.54 12.37 -3.21 11.66 -11.26 19.68  1.16  4.51 -6.46  5.91  3.81 -7.68  0.77 
utt>    46                        c7  472    0    88 65  7 15 1.173726e-11 -1.582320e+02 -7.468552e+04
INFO: cmn.c(133): CMN: 47.21  8.63 -8.06 17.95 -6.47 16.25 -4.07  6.26 -11.58 13.54  1.31 -6.22  2.79 
utt>    47                        c8  466    0   116 75  9 19 1.938580e-11 -1.627607e+02 -7.584647e+04
INFO: cmn.c(133): CMN: 41.50  8.95 -4.62 17.12 -4.24 16.07 -3.17 11.39 -13.34  9.34  3.29 -2.91 -1.94 
utt>    48                        c9  509    0    96 61  6 13 1.140714e-11 -1.602325e+02 -8.155836e+04
INFO: cmn.c(133): CMN: 43.13  4.48 -0.75 21.65 -2.76 11.48 -1.27  8.13 -1.40  0.15  4.61 -4.42  5.18 
utt>    49                       c10  491    0   112 82  9 19 1.817871e-11 -1.609027e+02 -7.900324e+04
INFO: cmn.c(133): CMN: 44.47 10.75 -1.44 11.48 -7.83 20.91 -6.97  8.35 -11.06  3.59  3.02 -1.32  1.74 
utt>    50                       c11  441    0   112 69  8 17 1.409062e-11 -1.597541e+02 -7.045154e+04
INFO: cmn.c(133): CMN: 42.31  7.77 -1.20 11.90 -5.27 15.82 -12.38 14.05 -4.55  0.56  4.20  0.41  5.65 
utt>    51                       c12  477    0   104 66  8 17 1.769061e-11 -1.611855e+02 -7.688549e+04
INFO: cmn.c(133): CMN: 45.35  2.91 -0.58 14.98  0.01  9.03 -5.60 12.97 -11.38  7.49 -2.02  1.20  4.54 
utt>    52                       c13  463    0    92 62  7 15 1.507510e-11 -1.612072e+02 -7.463891e+04
INFO: cmn.c(133): CMN: 43.82  8.95 -5.05 18.30 -4.48 12.14 -3.64  9.09 -6.74  2.20  6.26 -1.39  0.91 
utt>    53                       c14  453    0    96 71  8 16 1.424578e-11 -1.576450e+02 -7.141321e+04
INFO: cmn.c(133): CMN: 42.71 12.23 -1.87 12.03 -11.79 14.35 -2.86  9.32 -6.43  4.29 -0.28  1.14  3.56 
utt>    54                       c15  449    0    72 56  8 17 1.574484e-11 -1.555479e+02 -6.984102e+04
INFO: cmn.c(133): CMN: 42.73  6.48 -1.22 18.36 -1.92 14.69 -5.32 14.46 -11.21  1.98  5.36 -3.15  2.44 
utt>    55                       c16  460    0    96 64  7 15 1.550738e-11 -1.590101e+02 -7.314464e+04
INFO: cmn.c(133): CMN: 40.99 17.98 -6.32 13.77 -11.52 15.42  1.61  9.32 -4.73  4.34  1.85 -2.27  0.25 
utt>    56                       c17  467    0    72 51  9 18 1.377927e-11 -1.556845e+02 -7.270465e+04
INFO: cmn.c(133): CMN: 44.70  6.89 -2.89 13.31 -3.22 15.45 -9.52 12.98 -8.68  8.97 -3.45  2.59  3.46 
utt>    57                       c18  481    0   132 85  9 18 1.507032e-11 -1.604361e+02 -7.716975e+04
INFO: cmn.c(133): CMN: 40.62 14.56 -2.89 12.55 -7.48 14.85 -0.20  9.22 -7.92  3.49  4.35  0.84  0.25 
utt>    58                       c19  470    0    72 53  7 14 1.303255e-11 -1.577302e+02 -7.413320e+04
INFO: cmn.c(133): CMN: 40.44 11.36 -2.43 14.88 -6.87 17.86 -2.17 11.37 -1.14 -2.27  3.57 -2.32  3.97 
utt>    59                       c20  455    0    88 51  8 16 1.085741e-11 -1.595904e+02 -7.261361e+04
INFO: cmn.c(133): CMN: 42.43 11.71 -5.77 10.28  0.91  7.85 -10.06  0.53  5.11  4.51  3.18 -12.70  4.33 
utt>    60                        d1  599    0   144 93  10 21 1.601525e-11 -1.600622e+02 -9.587724e+04
INFO: cmn.c(133): CMN: 39.91 12.93 -3.73 12.78 -0.70  6.10 -8.83  7.32  2.97  6.93 -2.05 -8.88 -0.91 
utt>    61                        d2  595    0   116 75  9 18 1.116357e-11 -1.565482e+02 -9.314616e+04
INFO: cmn.c(133): CMN: 39.59 11.19 -1.69  8.95  1.61  8.21 -11.95  6.00  5.28  9.44 -3.53 -9.03 -0.50 
utt>    62                        d3  582    0   132 81  9 19 2.732335e-11 -1.580745e+02 -9.199934e+04
INFO: cmn.c(133): CMN: 36.78  7.16  0.93 13.03 -1.33  2.77 -7.78  6.10  6.12  8.10  1.89 -12.19  2.77 
utt>    63                        d4  712    0    96 56  6 13 1.096424e-11 -1.583556e+02 -1.127492e+05
INFO: cmn.c(133): CMN: 39.43 13.59  1.41 13.38 -3.47  8.34 -7.38 -0.49  8.21  6.06 -1.05 -12.42  3.38 
utt>    64                        d5  561    0   108 82  9 19 1.824057e-11 -1.575932e+02 -8.840980e+04
INFO: cmn.c(133): CMN: 43.94  6.72 -1.92 12.85  3.22  3.04 -12.81  2.96  0.03 13.57  1.08 -12.54  3.16 
utt>    65                        d6  564    0   128 78  7 15 1.132282e-11 -1.623913e+02 -9.158871e+04
INFO: cmn.c(133): CMN: 45.57  9.23 -3.60 14.50 -0.37  6.08 -13.96 -0.25  4.05  9.59  1.09 -12.47  8.22 
utt>    66                        d7  574    0   164 105  10 20 1.910980e-11 -1.603395e+02 -9.203487e+04
INFO: cmn.c(133): CMN: 39.65 15.84 -0.28 11.02 -4.02  4.99 -3.59 -2.57  7.63 -2.78  4.15 -18.14  4.99 
utt>    67                        d8  636    0   116 70  7 14 1.389263e-11 -1.592535e+02 -1.012852e+05
INFO: cmn.c(133): CMN: 42.78 12.85  4.64 16.30 -1.50  2.03 -5.04 -1.39 10.19 -0.92  3.28 -18.67  6.79 
utt>    68                        d9  567    0   120 83  9 19 2.599307e-11 -1.598089e+02 -9.061164e+04
INFO: cmn.c(133): CMN: 42.43  7.60  0.27 18.55 -3.43  4.67 -6.48  1.85  6.47  5.68 -3.54 -14.33  8.62 
utt>    69                       d10  683    0   156 85  7 15 1.572985e-11 -1.592104e+02 -1.087407e+05
INFO: cmn.c(133): CMN: 43.43 10.59 -2.49 21.92 -6.40  6.65 -6.63 -2.10  8.14  2.20 -0.58 -15.17  5.62 
utt>    70                       d11  534    0   148 93  9 19 1.701170e-11 -1.602022e+02 -8.554798e+04
INFO: cmn.c(133): CMN: 42.14  9.88 -4.43 25.40 -6.67  5.12 -7.44  0.50  6.22  2.25 -0.85 -18.08  7.33 
utt>    71                       d12  549    0   120 82  9 18 1.582362e-11 -1.591393e+02 -8.736747e+04
INFO: cmn.c(133): CMN: 43.20  6.18  1.31 16.41  3.76 -0.05 -9.96  6.41 -1.92  6.99 -1.38 -20.19 11.14 
utt>    72                       d13  553    0   140 85  9 17 1.724769e-11 -1.626232e+02 -8.993066e+04
INFO: cmn.c(133): CMN: 40.87  8.29 -3.34 21.69  0.25  3.42 -10.85  6.22  0.85  7.50 -4.43 -13.01  6.80 
utt>    73                       d14  633    0   128 78  8 17 1.419521e-11 -1.588176e+02 -1.005316e+05
INFO: cmn.c(133): CMN: 42.83 10.97 -2.25 26.53 -0.43 -0.79 -5.91 -0.64  4.15 -1.88  0.33 -21.95  9.30 
utt>    74                       d15  548    0   132 83  10 19 1.749938e-11 -1.609251e+02 -8.818695e+04
INFO: cmn.c(133): CMN: 43.61 10.36 -2.28 19.19 -2.10  3.80 -9.51  1.55  0.66  3.04 -0.92 -23.36  9.94 
utt>    75                       d16  552    0   112 67  9 18 1.593920e-11 -1.605248e+02 -8.860967e+04
INFO: cmn.c(133): CMN: 44.23  7.61 -5.36 17.38 -2.58  6.54 -14.72  6.97  0.50  8.84 -6.22 -17.32 12.20 
utt>    76                       d17  557    0   144 95  10 21 2.292273e-11 -1.609923e+02 -8.967272e+04
INFO: cmn.c(133): CMN: 43.63  6.89 -1.98 22.63 -2.50 -0.75 -10.10  5.10  0.21 15.28 -9.46 -12.28  8.83 
utt>    77                       d18  573    0   112 78  9 18 1.336115e-11 -1.587555e+02 -9.096690e+04
INFO: cmn.c(133): CMN: 40.53  9.21 -1.01 24.88 -2.26  6.29 -7.33  2.69  4.14  0.65 -1.33 -10.49  5.63 
utt>    78                       d19  631    0   124 66  7 15 1.324112e-11 -1.614076e+02 -1.018482e+05
INFO: cmn.c(133): CMN: 43.33 11.59 -1.51 18.53 -6.36 -2.04 -2.44  1.58  0.38  6.46 -17.83 -8.58  9.48 
utt>    79                       d20  578    0   116 70  8 16 1.489198e-11 -1.589718e+02 -9.188569e+04
INFO: cmn.c(133): CMN: 39.84  5.86  0.56  4.24  6.71  7.14 -11.30  3.31 -1.80  4.46  9.70  0.71 -1.47 
utt>    80                        f1  712    0   128 82  10 21 1.985042e-11 -1.590475e+02 -1.132419e+05
INFO: cmn.c(133): CMN: 33.44  4.23  4.38 12.92 12.80  2.57 -2.72 10.55 -0.88  4.58  6.21 -7.40  2.48 
utt>    81                        f2  740    0   124 68  9 18 1.317491e-11 -1.584000e+02 -1.172160e+05
INFO: cmn.c(133): CMN: 32.46  9.58  7.95  9.08  7.42  4.95 -5.45 13.21 -0.10  2.75  3.50 -8.81 -0.37 
utt>    82                        f3  699    0   112 67  6 12 1.114981e-11 -1.563384e+02 -1.092805e+05
INFO: cmn.c(133): CMN: 37.64  8.60  2.73  6.43  8.50  4.63 -11.68  9.73  0.25  9.46  9.06 -7.05  1.81 
utt>    83                        f4  730    0   152 101  8 16 1.570347e-11 -1.574598e+02 -1.149457e+05
INFO: cmn.c(133): CMN: 35.19  6.43  2.78 19.04  7.92  4.02 -7.90 13.61 -6.31  3.79  2.57 -6.17 -2.25 
utt>    84                        f5  675    0   104 61  7 15 1.104409e-11 -1.583483e+02 -1.068851e+05
INFO: cmn.c(133): CMN: 38.99  5.17  2.73  6.91 10.09  5.54 -16.75 13.17 -9.34  4.35  1.62 -3.14 -3.92 
utt>    85                        f6  751    0   156 97  11 22 2.030361e-11 -1.606140e+02 -1.206211e+05
INFO: cmn.c(133): CMN: 37.43  2.57  6.06 12.50 11.70  1.54 -11.70 14.33 -2.13  5.27  6.25 -7.74 -3.75 
utt>    86                        f7  705    0   132 76  8 17 1.571147e-11 -1.574460e+02 -1.109994e+05
INFO: cmn.c(133): CMN: 37.64  9.06 -1.12 11.08  2.98 -1.40 -5.18  5.16  2.35  6.72  5.82 -3.70 -2.14 
utt>    87                        f8  756    0   132 85  8 16 1.941104e-11 -1.556438e+02 -1.176667e+05
INFO: cmn.c(133): CMN: 37.17 10.42  6.63  8.37  7.74  9.35 -7.87 13.27 -0.14 10.06  6.09  1.26 -3.46 
utt>    88                        f9  753    0   124 86  8 15 1.173933e-11 -1.582500e+02 -1.191623e+05
INFO: cmn.c(133): CMN: 37.00  8.67  8.12  7.25  9.58  5.37 -5.90  9.03 -0.13  2.53 13.59 -8.56 -3.21 
utt>    89                       f10  681    0   120 73  7 14 1.536920e-11 -1.570744e+02 -1.069677e+05
INFO: cmn.c(133): CMN: 36.61  9.42  5.71  9.05  8.32 -4.43  4.10  2.95  1.21  9.23  4.67 -5.98 -1.59 
utt>    90                       f11  707    0   120 69  7 14 1.205524e-11 -1.571885e+02 -1.111323e+05
INFO: cmn.c(133): CMN: 38.88  8.04  2.69 12.26  9.89  0.73 -1.24  7.86 -2.44  6.15  9.77 -7.34 -3.67 
utt>    91                       f12  704    0   128 77  8 17 1.330470e-11 -1.579127e+02 -1.111705e+05
INFO: cmn.c(133): CMN: 34.07  7.00  3.05 10.25  9.44 -2.69  2.47  8.44  1.11  6.84  8.73 -2.89 -1.04 
utt>    92                       f13  765    0   112 55  6 11 1.055738e-11 -1.561984e+02 -1.194918e+05
INFO: cmn.c(133): CMN: 39.74  3.22  1.34  8.78  9.34 -0.83 -11.32  5.80  6.43  7.37 11.09 -5.61 -0.06 
utt>    93                       f14  733    0   128 64  7 13 9.170982e-12 -1.609594e+02 -1.179832e+05
INFO: cmn.c(133): CMN: 38.10  6.66  3.43 19.02 11.72 -5.05  0.53  7.94  0.69  6.39  7.78 -4.82 -0.63 
utt>    94                       f15  727    0   124 80  9 18 1.446605e-11 -1.578957e+02 -1.147902e+05
INFO: cmn.c(133): CMN: 38.49  0.87  7.99 16.01 15.03 -3.87 -5.67 11.61  2.21  7.51  5.01 -7.90  3.57 
utt>    95                       f16  702    0   116 71  7 15 1.428696e-11 -1.591495e+02 -1.117230e+05
INFO: cmn.c(133): CMN: 40.73 11.30  1.24 15.73 12.60 -3.87 -2.22  9.46  1.65  4.41  4.33 -7.12 -2.19 
utt>    96                       f17  671    0   144 84  8 17 1.524722e-11 -1.577127e+02 -1.058252e+05
INFO: cmn.c(133): CMN: 37.87  8.08  3.84 11.27  8.43 -1.59 -4.18  8.56  0.25  7.12  8.10 -7.75 -3.35 
utt>    97                       f18  703    0   120 68  6 13 1.293685e-11 -1.567148e+02 -1.101705e+05
INFO: cmn.c(133): CMN: 36.04  6.98  1.45 20.60  8.82 -1.10 -3.22 11.92 -1.28  9.90  5.49 -6.36  1.84 
utt>    98                       f19  743    0   120 66  7 14 1.581979e-11 -1.573631e+02 -1.169208e+05
INFO: cmn.c(133): CMN: 39.80  6.18  2.37  7.87  5.90 -1.61 -5.99  6.17  0.01  7.47  5.27 -4.96  2.98 
utt>    99                       f20  718    0   144 91  8 17 1.542186e-11 -1.586710e+02 -1.139258e+05
INFO: cmn.c(133): CMN: 48.29  4.29 -5.71 16.13  3.37  5.92 -2.58  3.20 -5.11 -0.63  4.65 -5.89  0.38 
utt>   100                        g1  698    0   136 80  7 15 1.456565e-11 -1.628873e+02 -1.136953e+05
INFO: cmn.c(133): CMN: 51.90  7.09 -9.70 20.41 -1.46  6.79 -9.82 -3.48 -4.70  2.40 12.34 -6.28 -0.17 
utt>   101                        g2  701    0   172 101  9 19 1.969136e-11 -1.671688e+02 -1.171853e+05
INFO: cmn.c(133): CMN: 51.38  7.30 -9.04 11.84  3.41  1.46 -6.75  0.16 -8.80  7.91  2.12 -0.54 -2.27 
utt>   102                        g3  628    0   124 72  7 15 1.372136e-11 -1.620528e+02 -1.017692e+05
INFO: cmn.c(133): CMN: 48.44  7.25 -6.44 23.82 -1.20  4.99 -2.84  2.45 -10.24  5.86  4.68 -3.76 -0.40 
utt>   103                        g4  694    0   128 86  8 17 1.557341e-11 -1.627950e+02 -1.129797e+05
INFO: cmn.c(133): CMN: 47.19  7.39 -8.32 32.85  0.53  4.10  0.11  2.75 -3.67 -3.88  1.90 -3.63 -2.94 
utt>   104                        g5  616    0   120 72  7 14 1.122704e-11 -1.627798e+02 -1.002724e+05
INFO: cmn.c(133): CMN: 46.58  8.51 -1.85 19.29 -1.53  3.79  1.52  3.22 -7.79 -2.65  8.06 -6.59 -2.91 
utt>   105                        g6  663    0   112 66  7 15 1.098808e-11 -1.587220e+02 -1.052327e+05
INFO: cmn.c(133): CMN: 41.96  7.57 -6.09  6.27 -3.20  4.33 -16.28  5.96 -4.28  3.06  1.46 -0.13 -8.00 
utt>   106                        g7  755    0   116 62  7 15 1.200896e-11 -1.583754e+02 -1.195734e+05
INFO: cmn.c(133): CMN: 48.71  2.74 -0.98 -5.17 -2.03  5.36 -10.90  3.13 -0.52  5.71 -17.64  0.39  1.51 
utt>   107                        h1  777    0   144 88  8 17 1.301094e-11 -1.614338e+02 -1.254340e+05
INFO: cmn.c(133): CMN: 50.72 -0.10 -6.13 -4.54 -3.84  0.84 -8.77  7.17 -3.56  9.49 -12.48 -1.77  7.27 
utt>   108                        h2  768    0   104 66  7 15 1.385648e-11 -1.604402e+02 -1.232180e+05
INFO: cmn.c(133): CMN: 51.57  2.64 -2.21  8.68 -5.91  4.22 -9.76 10.23 -9.18 11.61 -16.80 -3.29  4.68 
utt>   109                        h3  754    0   144 90  9 18 2.121840e-11 -1.649498e+02 -1.243722e+05
INFO: cmn.c(133): CMN: 53.21  7.14 -0.64 -3.13 -2.73  4.60 -8.88  3.04 -1.82  6.45 -13.94 -0.24  3.77 
utt>   110                        h4  663    0   112 70  7 15 1.341338e-11 -1.621459e+02 -1.075028e+05
INFO: cmn.c(133): CMN: 48.01  6.95 -2.96  2.91 -15.84  6.77 -1.29 -2.76 -1.92  6.08 -6.57 -2.71  3.41 
utt>   111                        h5  777    0    84 62  7 13 1.351237e-11 -1.609947e+02 -1.250929e+05
INFO: cmn.c(133): CMN: 51.33  8.35 -8.48 -7.60 -10.15  8.95 -6.05  0.21  0.09 11.63 -9.14 -0.44  2.41 
utt>   112                        h6  764    0   124 83  10 20 1.609102e-11 -1.616754e+02 -1.235200e+05
INFO: cmn.c(133): CMN: 55.26  2.11 -5.34  6.69 -13.93 11.79 -16.24  6.85 -14.08  7.81 -11.13 -4.66  5.74 
utt>   113                        h7  772    0   140 91  8 17 1.286517e-11 -1.664416e+02 -1.284929e+05
INFO: cmn.c(133): CMN: 55.05 -2.51  2.01  1.75 -11.34  5.61 -9.95  7.19 -2.63  5.26 -15.84 -0.69  8.13 
utt>   114                        h8  697    0   116 79  9 18 1.555937e-11 -1.672678e+02 -1.165857e+05
INFO: cmn.c(133): CMN: 53.47  5.25 -1.77 -1.73 -11.39  6.12 -5.86  2.22 -3.46  8.87 -12.07 -0.82  2.58 
utt>   115                        h9  698    0   136 73  10 21 2.525161e-11 -1.654096e+02 -1.154559e+05
INFO: cmn.c(133): CMN: 51.19  9.06 -1.65 -2.99 -11.27  6.53 -3.60  2.82 -3.05  8.44 -6.31 -5.87  4.67 
utt>   116                       h10  715    0   128 83  8 17 1.866935e-11 -1.626351e+02 -1.162841e+05
INFO: cmn.c(133): CMN: 52.12  1.24 -0.39  6.99 -10.75  4.47 -3.96  3.00 -3.30  3.29 -15.32 -1.81  2.17 
utt>   117                       h11  688    0   132 89  7 15 1.599204e-11 -1.640107e+02 -1.128394e+05
INFO: cmn.c(133): CMN: 49.77  5.45 -2.71  4.51 -9.75 -0.55  3.79 -1.96 -0.07  1.08 -8.15 -3.48  1.77 
utt>   118                       h12  678    0   104 62  6 11 1.131146e-11 -1.623825e+02 -1.100953e+05
INFO: cmn.c(133): CMN: 54.17  6.50  1.00  5.15 -4.86 -2.04  7.12 -0.26 -4.54  8.33 -9.59  3.35 -0.06 
utt>   119                       h13  705    0   112 80  9 18 1.630800e-11 -1.634007e+02 -1.151975e+05
INFO: cmn.c(133): CMN: 52.34  4.74 -3.73  9.58 -10.59  1.60 -3.16  2.34 -0.31  2.96 -9.83 -5.97  4.58 
utt>   120                       h14  699    0   116 69  7 14 1.376592e-11 -1.632262e+02 -1.140951e+05
INFO: cmn.c(133): CMN: 53.67  1.30  0.44  0.27 -4.99 -1.59  0.56  1.67  0.94  5.97 -12.95  1.05  3.93 
utt>   121                       h15  686    0   124 79  7 14 1.396025e-11 -1.633999e+02 -1.120923e+05
INFO: cmn.c(133): CMN: 46.21  7.11  6.91  7.79 -4.30  1.97 -0.68  2.32 -7.99  2.02 -11.99 -1.66 -2.92 
utt>   122                       h16  746    0   112 74  8 16 1.448631e-11 -1.621884e+02 -1.209925e+05
INFO: cmn.c(133): CMN: 54.23  1.29  4.05  1.19 -6.38  2.03 -0.30  2.89 -6.44  8.67 -14.08  0.22  1.37 
utt>   123                       h17  702    0   144 88  9 19 1.505138e-11 -1.671212e+02 -1.173191e+05
INFO: cmn.c(133): CMN: 57.45 -0.64  2.46  1.12 -7.36  0.59 -3.82 -0.08 -1.61  2.98 -19.07  1.15  4.26 
utt>   124                       h18  688    0   140 84  8 16 1.626690e-11 -1.630833e+02 -1.122013e+05
INFO: cmn.c(133): CMN: 49.88 -0.23 -1.84  1.94 -11.84  4.33 -0.62  4.29 -6.49  7.50 -11.86  1.79 -2.06 
utt>   125                       h19  768    0   104 75  9 18 1.419105e-11 -1.625813e+02 -1.248624e+05
INFO: cmn.c(133): CMN: 53.55  3.33 -3.80 -3.72 -8.79  2.41 -2.99 -1.16  0.07  9.03 -13.39  0.69  1.12 
utt>   126                       h20  719    0   128 75  8 16 1.636031e-11 -1.622864e+02 -1.166839e+05
INFO: cmn.c(133): CMN: 54.24  0.53 -20.49 15.44 -7.79  2.89 -24.70 -6.37 -5.01  2.77  1.05 -7.35 -1.19 
utt>   127                        i1  662    0   140 90  10 20 1.685083e-11 -1.637560e+02 -1.084065e+05
INFO: cmn.c(133): CMN: 55.73  4.37 -10.83 -1.60 -8.50 10.02 -14.85 -1.96 -3.40 -8.75 17.43 -15.60  0.73 
utt>   128                        i2  581    0   140 94  10 21 1.638019e-11 -1.628715e+02 -9.462832e+04
INFO: cmn.c(133): CMN: 52.73  6.71 -6.06  1.98 -8.07  7.32 -5.87 -4.15 -2.69 -7.37 11.03 -14.52  6.34 
utt>   129                        i3  545    0   100 68  8 17 1.942790e-11 -1.601704e+02 -8.729287e+04
INFO: cmn.c(133): CMN: 55.85  5.03 -11.01  3.44 -10.92  7.31 -14.14 -0.40 -6.43 -0.46  4.45 -6.56  0.14 
utt>   130                        i4  688    0   128 81  9 18 1.771225e-11 -1.610949e+02 -1.108333e+05
INFO: cmn.c(133): CMN: 52.17  2.14 -7.58  5.22 -5.10  5.86 -14.70  3.54 -8.30 -4.53  2.48 -7.03 -0.36 
utt>   131                        i5  774    0   140 94  8 17 1.434935e-11 -1.603997e+02 -1.241493e+05
INFO: cmn.c(133): CMN: 53.21  4.45 -11.15  8.88 -7.47  3.99 -11.92  1.92 -5.82 -2.06  2.70 -5.43  0.15 
utt>   132                        i6  771    0   140 87  8 16 1.191561e-11 -1.609346e+02 -1.240806e+05
INFO: cmn.c(133): CMN: 56.49  3.93 -9.72  6.50 -6.79  4.98 -11.74 -1.46 -8.57 -5.83  3.30 -4.98 -3.81 
utt>   133                        i7  695    0   120 87  9 18 1.764021e-11 -1.583897e+02 -1.100808e+05
INFO: cmn.c(133): CMN: 55.55  2.89 -9.87  3.27 -5.68  5.06 -14.62  3.39 -12.74  1.06  3.98 -8.06 -0.42 
utt>   134                        i8  736    0   148 97  7 15 1.794910e-11 -1.622101e+02 -1.193866e+05
INFO: cmn.c(133): CMN: 51.79  4.84 -9.50  7.42 -11.86  5.74 -10.51  3.45 -11.61 -1.54  5.56 -7.93 -0.72 
utt>   135                        i9  690    0   108 67  9 18 1.526640e-11 -1.604405e+02 -1.107040e+05
INFO: cmn.c(133): CMN: 54.37  4.82 -8.14  3.49 -9.37  4.72 -8.63  3.62 -14.84  0.58  3.43 -6.56  2.59 
utt>   136                       i10  645    0   108 70  9 19 2.283353e-11 -1.577924e+02 -1.017761e+05
INFO: cmn.c(133): CMN: 53.30  4.74 -10.39  6.08 -12.88  7.23 -15.63  5.01 -11.97  3.09  4.85 -4.38  0.51 
utt>   137                       i11  695    0   104 62  8 16 1.413016e-11 -1.590789e+02 -1.105598e+05
INFO: cmn.c(133): CMN: 53.41  7.31 -10.34  7.00 -8.48  6.55 -10.71  3.97 -17.05 -2.58  6.25 -9.55  4.79 
utt>   138                       i12  684    0   124 94  8 17 1.575507e-11 -1.582331e+02 -1.082314e+05
INFO: cmn.c(133): CMN: 56.42  3.54 -11.67  2.63 -11.79  5.60 -14.15  7.14 -14.59  2.03  4.79 -5.79  0.82 
utt>   139                       i13  740    0   136 74  7 15 1.994458e-11 -1.599970e+02 -1.183978e+05
INFO: cmn.c(133): CMN: 54.56  1.58 -8.31 10.27 -7.96  3.78 -16.65  9.03 -13.25 -4.54  3.23 -6.55  2.16 
utt>   140                       i14  740    0   108 74  10 20 1.591244e-11 -1.589883e+02 -1.176514e+05
INFO: cmn.c(133): CMN: 55.88  4.42 -11.22  5.24 -5.85  1.52 -13.64  7.71 -12.19 -2.46  3.16 -9.10  2.90 
utt>   141                       i15  731    0   136 89  8 16 1.473141e-11 -1.590491e+02 -1.162649e+05
INFO: cmn.c(133): CMN: 54.41  2.70 -10.23  3.58 -9.66  5.67 -15.57  3.90 -13.42  3.65  4.17 -8.63  2.01 
utt>   142                       i16  758    0   140 89  10 19 1.816670e-11 -1.608283e+02 -1.219078e+05
INFO: cmn.c(133): CMN: 55.12  2.82 -11.01  8.18 -8.00  5.51 -15.77  1.76 -13.04  0.50  3.50 -7.69  3.31 
utt>   143                       i17  745    0   156 93  9 18 1.817672e-11 -1.610722e+02 -1.199988e+05
INFO: cmn.c(133): CMN: 49.95  5.18 -10.68 12.14 -11.55  6.17 -15.08  6.17 -14.84 -1.44  2.40 -2.94 -0.38 
utt>   144                       i18  750    0   100 61  5 10 1.094043e-11 -1.582317e+02 -1.186738e+05
INFO: cmn.c(133): CMN: 52.02  6.47 -13.31 10.44 -10.34  1.95 -9.11  1.58 -16.68 -1.16  1.23 -2.80 -0.60 
utt>   145                       i19  762    0   116 72  8 15 1.392083e-11 -1.576861e+02 -1.201568e+05
INFO: cmn.c(133): CMN: 53.92  6.24 -10.67  9.44 -10.09  8.10 -16.13  9.21 -17.02  2.08 -0.54  0.20 -2.29 
utt>   146                       i20  694    0   108 75  12 24 2.824595e-11 -1.624521e+02 -1.127418e+05
INFO: cmn.c(133): CMN: 49.37 14.57 -10.10 13.79  1.78 -1.71  0.85 -2.78  0.48 -5.73  3.39 -7.77 -0.79 
utt>   147                        j1  678    0   112 61  8 17 1.651420e-11 -1.617718e+02 -1.096813e+05
INFO: cmn.c(133): CMN: 51.29  9.32 -12.48 19.16 -2.26  5.20 -6.61  2.61 -3.57 -5.91  4.71 -9.80  1.13 
utt>   148                        j2  670    0   116 70  7 15 1.163281e-11 -1.605632e+02 -1.075773e+05
INFO: cmn.c(133): CMN: 51.28 11.57 -9.00 10.78  2.94  2.25 -4.88 -1.93  0.34 -2.65  5.76 -6.72 -1.34 
utt>   149                        j3  673    0   116 71  9 18 1.464974e-11 -1.627637e+02 -1.095400e+05
INFO: cmn.c(133): CMN: 52.64  6.81 -10.72  6.05 -5.67  8.16 -9.74  3.52 -4.62  8.79 -1.52 -3.25 -3.74 
utt>   150                        j4  785    0   144 66  7 14 1.037679e-11 -1.642775e+02 -1.289578e+05
INFO: cmn.c(133): CMN: 53.45 14.15 -11.33 11.82 -9.70  6.25 -4.47  3.07 -8.78  1.80 -1.41 -4.49 -1.52 
utt>   151                        j5  761    0   128 74  8 16 1.375867e-11 -1.583994e+02 -1.205419e+05
INFO: cmn.c(133): CMN: 54.04  9.00 -12.72  8.91 -5.02  4.24 -11.42  2.47 -6.97  2.19  0.38 -2.06 -3.30 
utt>   152                        j6  741    0   124 86  9 18 1.865257e-11 -1.620206e+02 -1.200573e+05
INFO: cmn.c(133): CMN: 55.49 10.26 -13.29 14.48 -5.60  7.31 -10.32  3.04 -6.92  0.95  2.41 -6.86 -1.22 
utt>   153                        j7  647    0   132 86  9 18 1.580754e-11 -1.603979e+02 -1.037774e+05
INFO: cmn.c(133): CMN: 55.34  8.08 -11.68 11.80 -6.49  7.05 -13.86  1.32 -2.55  4.62  0.99 -10.19  2.30 
utt>   154                        j8  680    0   132 74  8 16 1.326899e-11 -1.615810e+02 -1.098751e+05
INFO: cmn.c(133): CMN: 57.13  7.57 -13.11 19.12 -2.37  4.50 -10.55  3.75 -3.46  2.16 -0.72 -9.48  1.37 
utt>   155                        j9  668    0   140 73  7 14 1.323194e-11 -1.645309e+02 -1.099066e+05
INFO: cmn.c(133): CMN: 57.73  8.64 -10.72 17.29  1.05  5.51 -8.16  0.36 -3.59 -1.40  3.69 -7.88  1.21 
utt>   156                       j10  696    0   176 93  9 18 1.469603e-11 -1.644095e+02 -1.144290e+05
INFO: cmn.c(133): CMN: 58.30 10.50 -14.20 12.63 -8.25  9.16 -11.53  0.20 -8.40  3.24  0.11 -5.08  0.72 
utt>   157                       j11  684    0   160 96  9 17 1.718526e-11 -1.608093e+02 -1.099936e+05
INFO: cmn.c(133): CMN: 55.58  7.18 -13.77 12.06 -4.41  8.53 -7.98 -0.50 -3.96  5.05 -0.84 -4.94  1.64 
utt>   158                       j12  643    0   124 69  7 15 1.613298e-11 -1.635396e+02 -1.051559e+05
INFO: cmn.c(133): CMN: 56.06  7.56 -13.57  4.63 -3.61  6.47 -12.17  0.43 -6.04  5.22 -0.31 -5.53  1.14 
utt>   159                       j13  763    0   160 93  9 19 2.201352e-11 -1.658273e+02 -1.265262e+05
INFO: cmn.c(133): CMN: 57.09  6.51 -12.82 14.00 -5.74  8.58 -9.58 -2.20 -0.23  1.95 -4.46 -4.97  2.35 
utt>   160                       j14  653    0   148 75  7 14 1.500509e-11 -1.648710e+02 -1.076608e+05
INFO: cmn.c(133): CMN: 57.51  9.42 -11.50 11.43 -5.17  8.08 -4.30 -0.89 -8.38  4.79  3.86 -5.56  0.81 
utt>   161                       j15  662    0   116 70  6 13 1.378150e-11 -1.596032e+02 -1.056573e+05
INFO: cmn.c(133): CMN: 56.43  9.80 -11.71 19.85 -2.99  1.39 -5.33 -2.69 -7.81  0.47 -3.83 -5.59 -0.96 
utt>   162                       j16  569    0   100 71  8 16 1.458455e-11 -1.618322e+02 -9.208250e+04
INFO: cmn.c(133): CMN: 54.41  9.52 -9.91 13.50 -2.71 -0.02 -0.27 -5.49 -0.61  1.36 -1.03  0.29 -4.21 
utt>   163                       j17  675    0   112 65  6 13 1.162406e-11 -1.626953e+02 -1.098193e+05
INFO: cmn.c(133): CMN: 54.56  8.70 -12.41 26.93 -8.53  1.17  3.46 -9.35  3.59 -2.25  2.35 -6.93 -3.71 
utt>   164                       j18  625    0   112 67  9 18 1.613746e-11 -1.637494e+02 -1.023434e+05
INFO: cmn.c(133): CMN: 55.34  7.97 -8.54 18.19 -2.90  4.14 -4.04 -6.51 -0.18 -6.15  0.84 -5.43 -2.88 
utt>   165                       j19  628    0   124 75  7 15 1.788267e-11 -1.635689e+02 -1.027213e+05
INFO: cmn.c(133): CMN: 57.89  5.86 -12.22 14.36 -7.26  6.30 -3.58 -5.66 -0.25 -0.32 -0.63 -4.78 -1.36 
utt>   166                       j20  633    0   124 74  8 16 1.663105e-11 -1.624954e+02 -1.028596e+05
INFO: cmn.c(133): CMN: 46.60  9.91  1.03  9.86 -3.26  6.79 -5.51 -3.56 -2.90 -1.86  3.09 -1.84  0.06 
utt>   167                        k1  748    0   140 64  9 18 1.357508e-11 -1.617331e+02 -1.209764e+05
INFO: cmn.c(133): CMN: 49.40  6.94 -2.29  7.48 -5.37  9.58 -12.79 -4.43 -3.32 -1.51  4.96  0.70  3.95 
utt>   168                        k2  752    0   156 87  11 23 1.879418e-11 -1.617736e+02 -1.216538e+05
INFO: cmn.c(133): CMN: 47.88  9.29 -0.57  7.90 -7.45  6.21 -4.56 -0.45 -3.28  2.08  3.83  2.32  0.23 
utt>   169                        k3  772    0   104 66  7 14 1.016204e-11 -1.593676e+02 -1.230318e+05
INFO: cmn.c(133): CMN: 48.42  8.11  2.01  4.02 -6.19  9.33 -2.63  1.02 -3.33 -0.79  4.76 -2.14 -1.98 
utt>   170                        k4  735    0   124 72  6 13 1.576121e-11 -1.616517e+02 -1.188140e+05
INFO: cmn.c(133): CMN: 50.07  8.05  2.31 -1.08 -3.57  7.41 -3.74 -2.17 -4.01 -0.95  4.22 -0.48 -1.37 
utt>   171                        k5  722    0   128 77  8 16 1.616413e-11 -1.589143e+02 -1.147361e+05
INFO: cmn.c(133): CMN: 48.00  8.83 -2.70  8.01 -3.02  3.85 -2.40  3.23 -4.75  2.77  3.36 -0.35  0.78 
utt>   172                        k6  755    0   112 80  11 22 1.906164e-11 -1.569506e+02 -1.184977e+05
INFO: cmn.c(133): CMN: 47.67  7.60  1.04  4.82 -5.68  8.35 -6.69  1.28 -1.30 -0.39  3.66 -1.91  2.33 
utt>   173                        k7  773    0   132 77  6 13 1.266345e-11 -1.593556e+02 -1.231819e+05
INFO: cmn.c(133): CMN: 47.82 11.01 -1.27  2.13 -8.32  8.50 -4.46  0.78 -5.43 -4.91  6.88 -2.89  1.92 
utt>   174                        k8  744    0   120 64  7 15 1.393694e-11 -1.588298e+02 -1.181694e+05
INFO: cmn.c(133): CMN: 49.70 11.47  0.53 -0.14 -6.63  6.23 -4.55 -2.19 -0.34  0.73  4.69 -3.45  3.73 
utt>   175                        k9  781    0   148 93  10 20 1.870144e-11 -1.592625e+02 -1.243840e+05
INFO: cmn.c(133): CMN: 48.78  8.20  5.06 -1.21 -4.37  6.52 -2.80  3.37 -1.34 -3.89 -2.38 -1.68 -1.65 
utt>   176                       k10  715    0   120 66  6 13 1.197815e-11 -1.601918e+02 -1.145371e+05
INFO: cmn.c(133): CMN: 53.35  6.58 -1.69  0.13 -8.07  8.37 -9.71 -2.84 -0.03  2.11  4.90 -4.67  3.65 
utt>   177                       k11  777    0   156 101  9 18 1.554585e-11 -1.616700e+02 -1.256176e+05
INFO: cmn.c(133): CMN: 47.96 10.06  2.11  3.03 -6.56  8.03 -6.62  3.41 -3.00 -1.50  3.20 -3.73  2.20 
utt>   178                       k12  713    0   120 75  6 13 1.057448e-11 -1.599950e+02 -1.140764e+05
INFO: cmn.c(133): CMN: 47.56  9.39  1.38  1.93 -5.98  5.03 -4.39  1.97 -0.31  2.42 -0.10 -4.19  1.75 
utt>   179                       k13  755    0   104 64  6 12 1.326078e-11 -1.590447e+02 -1.200787e+05
INFO: cmn.c(133): CMN: 47.90  6.48  2.69  6.27 -2.29  2.92 -2.55  1.68 -3.35  2.72  2.77 -1.66  2.78 
utt>   180                       k14  777    0   128 69  7 15 1.422441e-11 -1.583619e+02 -1.230472e+05
INFO: cmn.c(133): CMN: 47.44 10.36 -0.06  7.58 -4.41  4.40 -0.73  0.99 -2.35  0.46  4.42 -4.89 -0.48 
utt>   181                       k15  759    0   108 60  7 14 1.172007e-11 -1.595864e+02 -1.211261e+05
INFO: cmn.c(133): CMN: 46.86 10.60  3.23  5.13 -4.81  4.67 -0.35  3.14 -1.11 -2.62 -0.23 -1.01  1.68 
utt>   182                       k16  746    0   104 61  6 13 1.216163e-11 -1.593872e+02 -1.189028e+05
INFO: cmn.c(133): CMN: 52.28  5.70 -0.69  1.34 -6.68  5.94 -8.76  1.45 -1.48  2.26  0.28  0.38  0.60 
utt>   183                       k17  772    0   140 79  11 23 1.688522e-11 -1.607349e+02 -1.240874e+05
INFO: cmn.c(133): CMN: 50.93  9.49 -2.33  5.72 -7.47  6.11 -6.22  3.63 -3.00  2.78  2.87  0.61 -0.24 
utt>   184                       k18  727    0   120 53  8 15 1.492416e-11 -1.613779e+02 -1.173217e+05
INFO: cmn.c(133): CMN: 46.88  6.68 -1.25 12.53 -3.02  7.45 -6.05  0.34 -4.03  3.78  1.07 -2.74  2.53 
utt>   185                       k19  769    0   124 66  10 20 1.670202e-11 -1.601791e+02 -1.231777e+05
INFO: cmn.c(133): CMN: 47.91 10.95 -4.55 11.89 -9.60  4.49 -7.05  3.01 -4.63  2.50  3.98 -4.13  3.88 
utt>   186                       k20  755    0    84 54  7 15 1.505450e-11 -1.573299e+02 -1.187841e+05
INFO: cmn.c(133): CMN: 49.34  7.64 -1.47  8.94 -3.31  6.71 -8.23  6.83 -6.60  3.39 -0.58  0.16 -0.66 
utt>   187                       k21  723    0   108 61  5 10 1.026530e-11 -1.597426e+02 -1.154939e+05
INFO: cmn.c(133): CMN: 47.19  6.87  1.68  8.56 -5.73  5.20 -5.54  4.58 -4.61  1.99  1.60 -2.19  4.17 
utt>   188                       k22  778    0   100 51  5 11 9.723639e-12 -1.591436e+02 -1.238137e+05
INFO: cmn.c(133): CMN: 48.68  9.83 -1.35  3.21 -7.67  8.13 -6.50  2.87 -2.30  7.97  1.64 -0.97  0.90 
utt>   189                       k23  777    0   116 72  6 13 1.195808e-11 -1.582659e+02 -1.229726e+05
INFO: cmn.c(133): CMN: 49.49  9.05 -2.44  8.21 -5.00  5.75 -11.46 -1.09 -0.68 -0.75  8.64 -2.26  3.07 
utt>   190                       k24  752    0   124 73  8 16 1.450046e-11 -1.577713e+02 -1.186440e+05
INFO: cmn.c(133): CMN: 48.83  8.61  4.96 -0.08 -5.99  7.45 -9.42  2.46 -1.40  0.17  5.13 -2.21  3.72 
utt>   191                       k25  755    0   124 77  8 16 1.632916e-11 -1.591321e+02 -1.201448e+05
INFO: cmn.c(133): CMN: 49.74  7.01  1.83  9.72 -3.39  5.68 -8.67  4.10 -7.61  1.93  3.01  0.48 -1.97 
utt>   192                       k26  759    0   140 86  8 16 1.448764e-11 -1.589437e+02 -1.206382e+05
INFO: cmn.c(133): CMN: 49.42  6.89  3.21  3.86 -4.96  4.76 -7.17  0.86 -3.01  2.51  3.02 -1.87  0.54 
utt>   193                       k27  765    0   128 73  8 16 1.401915e-11 -1.601644e+02 -1.225258e+05
INFO: cmn.c(133): CMN: 50.53  8.77  0.05  1.33 -6.51  5.30 -8.98  1.37 -1.49  2.54  7.19 -2.73  1.08 
utt>   194                       k28  770    0   148 86  9 17 1.727497e-11 -1.582015e+02 -1.218151e+05
INFO: cmn.c(133): CMN: 51.17  4.71  1.63  2.10 -5.12  6.12 -10.29  2.57 -2.87  0.95  3.34 -2.65  1.30 
utt>   195                       k29  761    0   148 83  8 17 2.058398e-11 -1.604216e+02 -1.220808e+05
INFO: cmn.c(133): CMN: 46.54  8.12  0.80  8.61 -2.81  8.26 -8.77  5.90 -5.29  2.32  0.84 -4.49  2.93 
utt>   196                       k30  773    0   124 67  7 14 1.412277e-11 -1.575451e+02 -1.217823e+05
INFO: cmn.c(133): CMN: 46.52  8.53 -5.12  9.89 -5.48  6.75 -13.20  2.50 -7.24  4.33 -1.64  3.37  1.91 
utt>   197                        l1  648    0   112 70  6 13 1.316497e-11 -1.575539e+02 -1.020950e+05
INFO: cmn.c(133): CMN: 45.72  2.85 -5.29 21.48 -9.91  7.38 -20.39 16.96 -12.47 10.98 -5.37  1.81  5.97 
utt>   198                        l2  663    0   136 79  9 18 1.629485e-11 -1.606670e+02 -1.065222e+05
INFO: cmn.c(133): CMN: 46.91  6.24 -7.58 36.94 -7.37  5.59 -18.82  8.85 -17.67  5.87 -2.54 -1.98  6.85 
utt>   199                        l3  545    0   120 74  9 19 1.666155e-11 -1.629872e+02 -8.882805e+04
INFO: cmn.c(133): CMN: 39.12  3.65 -3.97 26.12 -3.04  3.22 -11.22  4.80 -7.33  2.89 -0.11  2.35 -1.39 
utt>   200                        l4  715    0    88 51  5 11 6.654391e-12 -1.590174e+02 -1.136974e+05
INFO: cmn.c(133): CMN: 40.48  9.47 -4.04 25.70 -10.17  1.06 -9.95 10.57 -14.61 15.70 -4.07  3.98  3.83 
utt>   201                        l5  770    0   124 76  8 16 1.263326e-11 -1.568113e+02 -1.207447e+05
INFO: cmn.c(133): CMN: 43.93 -0.32 -3.85 24.83 -2.40  4.38 -20.91 13.56 -16.97 13.67 -5.54  6.01  1.13 
utt>   202                        l6  690    0   124 74  7 15 1.634508e-11 -1.601380e+02 -1.104952e+05
INFO: cmn.c(133): CMN: 44.70  5.77 -10.37 25.26 -7.25  5.84 -16.82 13.36 -18.86 15.35 -4.82  1.56  2.41 
utt>   203                        l7  735    0   108 72  8 17 1.718107e-11 -1.578371e+02 -1.160103e+05
INFO: cmn.c(133): CMN: 42.40 11.33 -8.78 18.35 -9.83  9.80 -17.57 14.89 -13.00 14.00 -2.17 -0.96  6.40 
utt>   204                        l8  768    0   128 78  8 16 1.396773e-11 -1.568842e+02 -1.204871e+05
INFO: cmn.c(133): CMN: 42.92  1.40 -8.12 25.62 -7.73  7.92 -16.72  9.51 -13.47 13.83 -5.69  3.28  3.01 
utt>   205                        l9  776    0   140 82  8 17 1.559583e-11 -1.587345e+02 -1.231779e+05
INFO: cmn.c(133): CMN: 43.17  8.92 -5.52 26.87 -8.66  6.81 -15.13  6.30 -7.58  5.46  2.20 -0.02  3.60 
utt>   206                       l10  692    0   128 77  7 15 1.352898e-11 -1.596079e+02 -1.104487e+05
INFO: cmn.c(133): CMN: 41.50  2.90 -4.69 22.93 -2.70  6.43 -14.25  3.87 -8.96  4.62 -1.63  0.68  0.89 
utt>   207                       l11  748    0   116 67  7 14 1.309094e-11 -1.582109e+02 -1.183417e+05
INFO: cmn.c(133): CMN: 39.97  4.12 -3.84 18.56 -2.46  6.25 -12.18  2.57 -7.84  6.96 -5.16  6.58 -2.28 
utt>   208                       l12  718    0    92 56  6 12 8.993316e-12 -1.570245e+02 -1.127436e+05
INFO: cmn.c(133): CMN: 37.23  9.28 -2.12 25.79 -7.95  5.61 -11.06  5.70 -7.92  8.78 -5.34  7.39  1.48 
utt>   209                       l13  749    0   104 61  7 14 1.408025e-11 -1.585706e+02 -1.187694e+05
INFO: cmn.c(133): CMN: 42.08  8.66 -10.37 16.37 -14.57  9.20 -17.24  9.49 -8.50 12.16 -5.26  2.16  0.44 
utt>   210                       l14  744    0   120 75  8 17 1.071869e-11 -1.593568e+02 -1.185615e+05
INFO: cmn.c(133): CMN: 45.11  2.38 -8.88 19.21 -8.65 11.18 -20.97  5.51 -7.67  5.46 -4.77  2.94  6.28 
utt>   211                       l15  770    0   156 93  8 17 1.671119e-11 -1.588854e+02 -1.223418e+05
INFO: cmn.c(133): CMN: 41.68  5.01  3.76 11.89 -10.43  5.42 -12.37 -1.33 -2.17 18.42 -4.28 -3.25  3.20 
utt>   212                       l16  742    0   136 78  9 19 1.700745e-11 -1.599669e+02 -1.186955e+05
INFO: cmn.c(133): CMN: 35.86  8.52  1.08 14.51  7.86 -9.67 -12.40  8.62 -8.76 15.53  2.16 -1.63  5.60 
utt>   213                       l17  747    0   112 67  7 14 1.372141e-11 -1.564558e+02 -1.168725e+05
INFO: cmn.c(133): CMN: 35.08  9.81  3.55  7.79 10.01 -12.42 -7.65  2.79 -7.17  8.40  9.89 -5.98  6.28 
utt>   214                       l18  770    0   100 52  5 11 8.259926e-12 -1.581937e+02 -1.218091e+05
INFO: cmn.c(133): CMN: 37.73 10.56 -2.65 11.14  5.71 -7.90 -17.29  9.66 -9.47 13.18  5.44 -5.91  1.54 
utt>   215                       l19  769    0   140 76  7 15 1.338066e-11 -1.590503e+02 -1.223097e+05
INFO: cmn.c(133): CMN: 35.91 12.83 -2.08 19.13  5.01 -9.72 -10.39  4.03 -8.02 10.17  4.58 -2.81  2.24 
utt>   216                       l20  766    0   120 73  7 14 1.234964e-11 -1.559813e+02 -1.194817e+05
INFO: cmn.c(133): CMN: 35.90 11.31 -0.31 22.59  2.01 -8.79 -11.33  6.66 -9.60 11.29  4.49 -0.85  0.62 
utt>   217                       l21  733    0    92 53  7 14 1.101097e-11 -1.558216e+02 -1.142172e+05
INFO: cmn.c(133): CMN: 36.32 13.54  1.40 19.78  3.44 -8.61 -13.08  5.43 -9.92 11.37  3.79 -6.82  4.44 
utt>   218                       l22  766    0   128 75  7 14 1.251871e-11 -1.570673e+02 -1.203136e+05
INFO: cmn.c(133): CMN: 38.81  7.78  2.02 14.79  2.55 -9.20 -15.28  7.05 -10.57  8.32  7.12 -7.18  0.72 
utt>   219                       l23  769    0   140 77  7 15 1.480251e-11 -1.586968e+02 -1.220378e+05
INFO: cmn.c(133): CMN: 39.07  6.12  3.79 13.43  3.55 -2.66 -13.71  6.91 -9.57 13.60  2.78  0.46  1.46 
utt>   220                       l24  777    0   144 98  9 19 1.838737e-11 -1.563235e+02 -1.214634e+05
INFO: cmn.c(133): CMN: 37.58  7.01  1.78  6.67  4.34  0.89 -18.61  9.78 -4.78  7.44  4.05 -1.22  0.92 
utt>   221                       l25  764    0   112 63  11 22 1.301486e-11 -1.584899e+02 -1.210863e+05
INFO: cmn.c(133): CMN: 39.77  8.68  8.66  4.78  4.45  1.09 -28.13  9.44 -3.07  8.01  5.79 -2.20  3.74 
utt>   222                       l26  782    0   164 103  7 15 1.617339e-11 -1.595732e+02 -1.247862e+05
INFO: cmn.c(133): CMN: 41.66  7.88  2.13  6.48  5.83 -2.84 -25.41  8.03 -2.78 11.30  8.59 -4.44  1.38 
utt>   223                       l27  779    0   152 86  10 20 2.482898e-11 -1.588616e+02 -1.237532e+05
INFO: cmn.c(133): CMN: 39.08  8.30  3.10  6.70  7.59 -3.43 -21.52  5.38  1.03  2.91 15.77 -9.62  3.23 
utt>   224                       l28  773    0   108 69  6 12 1.063898e-11 -1.577125e+02 -1.219118e+05
INFO: cmn.c(133): CMN: 38.13 12.33  0.57  4.45  6.20 -7.28 -18.30  4.25 -1.01  8.11 11.59 -4.35  2.90 
utt>   225                       l29  753    0    96 60  7 14 1.016377e-11 -1.567847e+02 -1.180589e+05
INFO: cmn.c(133): CMN: 38.78  6.60  4.39 18.99  4.36 -4.65 -20.21  5.32 -3.42  5.06  9.79 -6.48  2.20 
utt>   226                       l30  742    0   136 73  8 16 1.268881e-11 -1.610215e+02 -1.194779e+05
overall> stats 149327 (-0) -1.600277e+02 -2.389645e+07

INFO: s3mixw_io.c(233): Wrote /Users/a0m0195/FinalModel/bwaccumdir/FinalModel_buff_1/mixw_counts [87x1x1 array]
INFO: s3tmat_io.c(176): Wrote /Users/a0m0195/FinalModel/bwaccumdir/FinalModel_buff_1/tmat_counts [29x3x4 array]
INFO: s3gau_io.c(485): Wrote /Users/a0m0195/FinalModel/bwaccumdir/FinalModel_buff_1/gauden_counts with means with vars (2pass) [87x1x1 vector arrays]
INFO: main.c(999): Counts saved to /Users/a0m0195/FinalModel/bwaccumdir/FinalModel_buff_1
Tue Jun 13 11:51:42 2017
