        INFO: main.c(229): Compiled on Jun  6 2017 at 11:53:04
Current configuration:
[NAME]		[DEFLT]		[VALUE]
-2passvar	no		yes
-abeam		1e-100		1.000000e-90
-accumdir			/Users/a0m0195/FinalModel/bwaccumdir/FinalModel_buff_1
-agc		none		none
-agcthresh	2.0		2.000000e+00
-bbeam		1e-100		1.000000e-10
-cb2mllrfn	.1cls.		.1cls.
-cepdir				/Users/a0m0195/FinalModel/feat
-cepext		mfc		mfc
-ceplen		13		13
-ckptintv			0
-cmn		live		batch
-cmninit	40,3,-1		40,3,-1
-ctlfn				/Users/a0m0195/FinalModel/etc/train.fileids
-diagfull	no		no
-dictfn				/Users/a0m0195/FinalModel/etc/FinalModel.dic
-example	no		no
-fdictfn			/Users/a0m0195/FinalModel/etc/FinalModel.filler
-feat		1s_c_d_dd	1s_c_d_dd
-fullvar	no		no
-help		no		no
-hmmdir				
-latdir				
-latext				
-lda				
-ldadim		0		0
-lsnfn				/Users/a0m0195/FinalModel/etc/train.transcription
-lw		11.5		1.150000e+01
-maxuttlen	0		0
-meanfn				/Users/a0m0195/FinalModel/model_parameters/FinalModel.ci_cont/means
-meanreest	yes		yes
-mixwfn				/Users/a0m0195/FinalModel/model_parameters/FinalModel.ci_cont/mixture_weights
-mixwreest	yes		yes
-mllrmat			
-mmie		no		no
-mmie_type	rand		rand
-moddeffn			/Users/a0m0195/FinalModel/model_architecture/FinalModel.ci.mdef
-mwfloor	0.00001		1.000000e-08
-npart				1
-nskip				0
-outphsegdir			
-outputfullpath	no		no
-part				1
-pdumpdir			
-phsegdir			
-phsegext	phseg		phseg
-runlen		-1		-1
-sentdir			
-sentext	sent		sent
-spthresh	0.0		0.000000e+00
-svspec				
-timing		yes		no
-tmatfn				/Users/a0m0195/FinalModel/model_parameters/FinalModel.ci_cont/transition_matrices
-tmatreest	yes		yes
-topn		4		1
-tpfloor	0.0001		1.000000e-04
-ts2cbfn			.cont.
-varfloor	0.00001		1.000000e-04
-varfn				/Users/a0m0195/FinalModel/model_parameters/FinalModel.ci_cont/variances
-varnorm	no		no
-varreest	yes		yes
-viterbi	no		no

INFO: feat.c(715): Initializing feature stream to type: '1s_c_d_dd', ceplen=13, CMN='batch', VARNORM='no', AGC='none'
INFO: main.c(318): Reading /Users/a0m0195/FinalModel/model_architecture/FinalModel.ci.mdef
INFO: model_def_io.c(573): Model definition info:
INFO: model_def_io.c(574): 29 total models defined (29 base, 0 tri)
INFO: model_def_io.c(575): 116 total states
INFO: model_def_io.c(576): 87 total tied states
INFO: model_def_io.c(577): 87 total tied CI states
INFO: model_def_io.c(578): 29 total tied transition matrices
INFO: model_def_io.c(579): 4 max state/model
INFO: model_def_io.c(580): 4 min state/model
INFO: s3mixw_io.c(117): Read /Users/a0m0195/FinalModel/model_parameters/FinalModel.ci_cont/mixture_weights [87x1x1 array]
INFO: s3tmat_io.c(118): Read /Users/a0m0195/FinalModel/model_parameters/FinalModel.ci_cont/transition_matrices [29x3x4 array]
INFO: mod_inv.c(301): inserting tprob floor 1.000000e-04 and renormalizing
INFO: s3gau_io.c(169): Read /Users/a0m0195/FinalModel/model_parameters/FinalModel.ci_cont/means [87x1x1 array]
INFO: s3gau_io.c(169): Read /Users/a0m0195/FinalModel/model_parameters/FinalModel.ci_cont/variances [87x1x1 array]
INFO: gauden.c(176): 87 total mgau
INFO: gauden.c(150): 1 feature streams (|0|=39 )
INFO: gauden.c(187): 1 total densities
INFO: gauden.c(90): min_var=1.000000e-04
INFO: gauden.c(165): compute 1 densities/frame
INFO: main.c(431): Will reestimate mixing weights.
INFO: main.c(433): Will reestimate means.
INFO: main.c(435): Will reestimate variances.
INFO: main.c(443): Will reestimate transition matrices
INFO: main.c(456): Reading main dictionary: /Users/a0m0195/FinalModel/etc/FinalModel.dic
INFO: lexicon.c(221): 22 entries added from /Users/a0m0195/FinalModel/etc/FinalModel.dic
INFO: main.c(466): Reading filler dictionary: /Users/a0m0195/FinalModel/etc/FinalModel.filler
INFO: lexicon.c(221): 3 entries added from /Users/a0m0195/FinalModel/etc/FinalModel.filler
INFO: corpus.c(1062): Will process all remaining utts starting at 0
INFO: main.c(665): Reestimation: Baum-Welch
INFO: cmn.c(133): CMN: 41.43  5.59 -0.58  7.97  9.71  6.76  0.97 -5.72  4.02  7.25  9.73 -4.18  0.02 
column defns
	<seq>
	<id>
	<n_frame_in>
	<n_frame_del>
	<n_state_shmm>
	<avg_states_alpha>
	<avg_states_beta>
	<avg_states_reest>
	<avg_posterior_prune>
	<frame_log_lik>
	<utt_log_lik>
	... timing info ... 
utt>     0                        a1  556    0INFO: cvt2triphone.c(199): no multiphones defined, no conversion done
   120 18  2 4 2.299317e-12 -1.550154e+02 -8.618856e+04
INFO: cmn.c(133): CMN: 38.20  5.22  3.76  5.65  8.16  3.02  6.37  5.59 -1.80  8.18  9.69 -6.42 -0.53 
utt>     1                        a2  541    0    88 16  1 3 2.702830e-12 -1.527389e+02 -8.263174e+04
INFO: cmn.c(133): CMN: 43.24  2.81  3.64  2.72  7.04  5.13 -5.25  3.22 -0.36 -0.25 14.15 -0.99 -5.04 
utt>     2                        a3  562    0   108 20  2 3 3.371921e-12 -1.552534e+02 -8.725243e+04
INFO: cmn.c(133): CMN: 41.55  3.04 -0.32  9.50  7.40  2.31  5.71  2.13 -2.70 12.46  9.87 -2.78  0.70 
utt>     3                        a4  558    0    80 17  1 3 1.502063e-12 -1.534609e+02 -8.563120e+04
INFO: cmn.c(133): CMN: 34.79  3.70  0.63 18.43  3.96  2.88 -1.86  6.62  2.45  3.15 13.78 -4.11 -1.34 
utt>     4                        a5  564    0    92 21  1 3 1.998958e-12 -1.530507e+02 -8.632057e+04
INFO: cmn.c(133): CMN: 37.04  6.98  1.81 10.39 -0.04  4.00  4.15  9.05 -7.85 11.84  6.06 -2.15  1.96 
utt>     5                        a6  545    0    76 15  1 3 1.936254e-12 -1.517359e+02 -8.269605e+04
INFO: cmn.c(133): CMN: 39.98  2.59  4.70  6.49  6.19  4.47 -1.36  6.23  5.61  3.11 15.86 -14.93 10.14 
utt>     6                        a7  545    0   104 17  2 3 2.009463e-12 -1.532268e+02 -8.350859e+04
INFO: cmn.c(133): CMN: 43.38  1.61  2.92  3.19 10.43  2.31 -5.99  2.66 -12.27  6.25 -1.49 -2.50  4.78 
utt>     7                        a8  569    0   116 19  1 3 3.592088e-12 -1.587636e+02 -9.033650e+04
INFO: cmn.c(133): CMN: 43.25  1.11 -0.62  7.53 10.59  5.35 -3.39  3.72  0.19 -0.61  9.75  3.86  1.42 
utt>     8                        a9  554    0   140 21  2 4 2.745404e-12 -1.569293e+02 -8.693883e+04
INFO: cmn.c(133): CMN: 44.87  4.09 -6.10  7.47  4.12  3.09 -7.07 10.00 -3.48  1.38 17.03  1.13  3.14 
utt>     9                       a10  507    0    88 19  1 3 2.040830e-12 -1.539642e+02 -7.805984e+04
INFO: cmn.c(133): CMN: 40.12  5.47 -1.49 15.44  4.68  5.28 -6.43 15.41 -3.98 -1.18 11.90 -1.58  0.24 
utt>    10                       a11  561    0    88 17  1 3 2.049086e-12 -1.541967e+02 -8.650436e+04
INFO: cmn.c(133): CMN: 42.76  7.39 -0.57  3.92  2.84  5.12 -1.08  2.64  3.21  2.67 11.24  3.33  1.02 
utt>    11                       a12  513    0    96 18  1 3 2.357612e-12 -1.530989e+02 -7.853973e+04
INFO: cmn.c(133): CMN: 43.37  3.27 -3.97 15.43 10.98  8.37 -10.81 12.61 -4.64  5.11 10.23 -0.05  4.65 
utt>    12                       a13  517    0   116 19  2 3 3.547425e-12 -1.549294e+02 -8.009848e+04
INFO: cmn.c(133): CMN: 40.08  1.47 -0.20 16.62  8.46  1.99 -1.18 10.85 -0.33 -0.86  8.15  0.42 -2.54 
utt>    13                       a14  554    0    88 20  1 3 2.264704e-12 -1.540679e+02 -8.535361e+04
INFO: cmn.c(133): CMN: 41.80  0.11 -1.94 12.67 16.80  4.15 -10.47 11.41 -4.51 -7.15 15.06 -4.39 -0.78 
utt>    14                       a15  481    0   104 20  2 3 3.430184e-12 -1.573705e+02 -7.569521e+04
INFO: cmn.c(133): CMN: 40.43  8.87 -3.61  8.98 11.65 -1.68  0.15  9.94  2.04  3.95 13.82 -8.76  1.43 
utt>    15                       a16  495    0    84 18  1 3 2.667223e-12 -1.532024e+02 -7.583520e+04
INFO: cmn.c(133): CMN: 35.67  3.73  3.30 12.92  8.94  2.19  0.30  9.63 -5.65 11.74  0.37 -5.38  4.23 
utt>    16                       a17  541    0    88 15  1 3 1.979938e-12 -1.520665e+02 -8.226799e+04
INFO: cmn.c(133): CMN: 35.70  8.97 -2.75 14.90 -3.94  2.12 -0.27  7.24 -8.84  9.54  1.06 -0.24  2.45 
utt>    17                       a18  552    0    72 19  1 2 1.902353e-12 -1.505922e+02 -8.312690e+04
INFO: cmn.c(133): CMN: 38.22  9.99 -3.32  6.56  1.69  6.87 -3.93  8.52 -1.87  7.77 15.21 -13.96 12.66 
utt>    18                       a19  548    0    92 18  1 3 2.130574e-12 -1.522346e+02 -8.342454e+04
INFO: cmn.c(133): CMN: 39.57  0.12  3.32 14.38 10.34  1.70 -5.39 11.15 -5.46  0.84 19.07 -12.93 12.48 
utt>    19                       a20  515    0    92 18  2 3 2.596453e-12 -1.550495e+02 -7.985047e+04
INFO: cmn.c(133): CMN: 42.74 11.07 -1.86  9.98  5.33  6.15 -0.35  6.62 -12.16  7.19  0.74 -6.00  0.65 
utt>    20                        b1  551    0    88 18  2 3 3.165761e-12 -1.554156e+02 -8.563400e+04
INFO: cmn.c(133): CMN: 50.31  5.18 -4.75 12.30  7.50 10.75 -11.24  4.53 -13.22  5.67  0.76 -4.39  0.90 
utt>    21                        b2  572    0   132 19  2 4 4.468356e-12 -1.571406e+02 -8.988443e+04
INFO: cmn.c(133): CMN: 43.68 12.26 -5.10  9.76 -1.74  6.16 -1.27  3.06 -9.67  5.36  0.04 -6.16 -2.42 
utt>    22                        b3  557    0    76 18  1 2 1.938872e-12 -1.518136e+02 -8.456020e+04
INFO: cmn.c(133): CMN: 47.57  7.12 -7.57 12.93  4.15  6.08 -3.06 -0.40 -7.77  8.32 -2.03 -0.97 -0.85 
utt>    23                        b4  559    0   100 19  1 3 2.942768e-12 -1.540547e+02 -8.611658e+04
INFO: cmn.c(133): CMN: 49.14  4.59 -7.08 13.28  6.02  2.74 -3.21 -2.98 -6.89  5.07 -0.83 -3.31  1.26 
utt>    24                        b5  512    0    96 19  2 3 2.449296e-12 -1.580237e+02 -8.090815e+04
INFO: cmn.c(133): CMN: 46.44  9.72 -4.83 22.45 -3.12  3.27 -1.35  1.39 -8.69  8.84  1.80 -5.58  2.70 
utt>    25                        b6  565    0    80 17  1 3 1.816745e-12 -1.548754e+02 -8.750462e+04
INFO: cmn.c(133): CMN: 42.36  6.93 -5.76 10.12  1.86  6.14 -5.28  1.45 -10.87 16.10 -0.43 -0.74  5.50 
ERROR: "backward.c", line 421: Failed to align audio to trancript: final state of the search is not reached
ERROR: "baum_welch.c", line 324: b7 ignored
utt>    26                        b7  562    0    96 18 
INFO: cmn.c(133): CMN: 47.54  9.19 -5.49 13.63  2.90  3.81 -0.76 -0.60 -5.66  7.97  8.15 -8.03  3.33 
utt>    27                        b8  559    0    96 17  1 3 2.731356e-12 -1.552774e+02 -8.680007e+04
INFO: cmn.c(133): CMN: 48.80  9.34 -9.51  6.86  0.80  6.75 -5.23  2.64 -11.49 12.45  4.45 -4.21  2.66 
utt>    28                        b9  547    0    76 18  1 2 1.320389e-12 -1.535142e+02 -8.397228e+04
INFO: cmn.c(133): CMN: 45.53  5.86 -5.49 16.38  7.28  0.39 -0.52  0.58 -11.87  7.85 -6.59 -0.28 -1.67 
utt>    29                       b10  567    0    84 20  1 3 2.987875e-12 -1.558029e+02 -8.834026e+04
INFO: cmn.c(133): CMN: 47.94  5.57 -4.99 20.03  6.96  0.49  5.36 -5.10 -6.61  4.53  4.21 -9.41  4.20 
utt>    30                       b11  562    0   104 19  2 3 3.285302e-12 -1.578088e+02 -8.868853e+04
INFO: cmn.c(133): CMN: 45.11  6.61 -6.65 22.62  6.80  1.46 -2.63  3.61 -5.75  2.47  5.79 -3.67  3.59 
utt>    31                       b12  549    0    92 17  2 3 3.632152e-12 -1.565781e+02 -8.596136e+04
INFO: cmn.c(133): CMN: 49.64 10.20 -10.18 25.07  3.96  2.47 -0.39 -0.78 -7.77  5.70  9.79 -9.66  5.52 
utt>    32                       b13  525    0    96 20  1 3 2.027246e-12 -1.565421e+02 -8.218458e+04
INFO: cmn.c(133): CMN: 48.49  7.26 -7.39 21.25  0.22  6.26 -2.91  4.09 -3.40 -1.11 -0.99 -8.29 -2.14 
utt>    33                       b14  565    0    92 19  2 3 2.884492e-12 -1.572713e+02 -8.885829e+04
INFO: cmn.c(133): CMN: 48.89  5.60 -6.13 16.79  9.26  5.75 -8.84 -1.32 -2.71  5.54  2.92 -8.06  3.43 
utt>    34                       b15  508    0    92 17  2 3 2.856140e-12 -1.566610e+02 -7.958379e+04
INFO: cmn.c(133): CMN: 49.30  5.56 -5.11 16.54  4.31 10.14 -13.47  3.70 -10.87 10.00 -1.22 -5.33  5.59 
utt>    35                       b16  577    0   108 24  2 3 3.681595e-12 -1.566691e+02 -9.039808e+04
INFO: cmn.c(133): CMN: 51.90  3.73 -6.29 11.18  7.60  7.74 -7.00 -2.05 -7.98  5.15  0.77 -3.63  2.78 
utt>    36                       b17  574    0   112 18  1 3 3.138557e-12 -1.585155e+02 -9.098792e+04
INFO: cmn.c(133): CMN: 52.10  3.87 -7.74 18.87  8.35  8.81 -10.57  6.30 -7.59  5.40  2.56 -6.06  2.83 
utt>    37                       b18  523    0   108 21  2 4 3.767804e-12 -1.580438e+02 -8.265691e+04
INFO: cmn.c(133): CMN: 51.29  1.97 -7.86 10.81  4.34  5.69 -4.48  1.45 -6.48  7.23  5.58 -2.45  1.15 
utt>    38                       b19  576    0   108 16  2 3 2.766647e-12 -1.586540e+02 -9.138469e+04
INFO: cmn.c(133): CMN: 51.47  6.23 -4.89  7.46  1.43  4.38  3.60  0.32 -6.21 10.35 -2.68  0.31  1.29 
utt>    39                       b20  497    0    92 17  1 3 2.249642e-12 -1.565650e+02 -7.781281e+04
INFO: cmn.c(133): CMN: 37.70 10.70 -3.70 10.80 -5.14 17.76 -3.58  7.39 -3.71  4.61  4.21 -3.36 -2.18 
utt>    40                        c1  562    0   104 21  2 3 2.051911e-12 -1.539803e+02 -8.653693e+04
INFO: cmn.c(133): CMN: 38.63  8.51 -0.61 14.93  1.67 15.77 -2.12 14.95 -4.30  2.53  1.82 -5.02 -2.07 
utt>    41                        c2  553    0    92 18  1 3 2.799544e-12 -1.563539e+02 -8.646371e+04
INFO: cmn.c(133): CMN: 39.75  7.86 -2.35 15.71 -1.68 17.07 -1.87 16.92 -8.74  5.41 -0.71 -2.15  2.92 
utt>    42                        c3  566    0    88 15  1 3 2.400824e-12 -1.532350e+02 -8.673102e+04
INFO: cmn.c(133): CMN: 40.63  5.96  1.24 10.88 -3.65 17.23 -4.20 13.67 -10.86  9.86 -0.23 -1.19 -2.89 
utt>    43                        c4  520    0    88 18  2 3 2.880552e-12 -1.530322e+02 -7.957675e+04
INFO: cmn.c(133): CMN: 41.19  8.42  0.40 19.10 -1.45 13.79 -0.59 16.46 -14.26 -0.30 -3.51  1.54 -5.07 
utt>    44                        c5  483    0    72 17  1 2 1.612504e-12 -1.525480e+02 -7.368069e+04
INFO: cmn.c(133): CMN: 40.63  3.04 -1.91 17.49  7.24 10.19 -1.93 17.40 -11.82  2.43 -3.04 -1.67 -5.66 
utt>    45                        c6  486    0    96 20  2 4 4.024739e-12 -1.540724e+02 -7.487920e+04
INFO: cmn.c(133): CMN: 42.54 12.37 -3.21 11.66 -11.26 19.68  1.16  4.51 -6.46  5.91  3.81 -7.68  0.77 
utt>    46                        c7  472    0    88 17  2 3 2.054027e-12 -1.531060e+02 -7.226605e+04
INFO: cmn.c(133): CMN: 47.21  8.63 -8.06 17.95 -6.47 16.25 -4.07  6.26 -11.58 13.54  1.31 -6.22  2.79 
utt>    47                        c8  466    0   116 21  2 4 4.565632e-12 -1.588193e+02 -7.400981e+04
INFO: cmn.c(133): CMN: 41.50  8.95 -4.62 17.12 -4.24 16.07 -3.17 11.39 -13.34  9.34  3.29 -2.91 -1.94 
utt>    48                        c9  509    0    96 14  2 3 3.057689e-12 -1.560966e+02 -7.945319e+04
INFO: cmn.c(133): CMN: 43.13  4.48 -0.75 21.65 -2.76 11.48 -1.27  8.13 -1.40  0.15  4.61 -4.42  5.18 
utt>    49                       c10  491    0   112 20  2 3 2.601851e-12 -1.559963e+02 -7.659420e+04
INFO: cmn.c(133): CMN: 44.47 10.75 -1.44 11.48 -7.83 20.91 -6.97  8.35 -11.06  3.59  3.02 -1.32  1.74 
utt>    50                       c11  441    0   112 17  2 3 3.023967e-12 -1.541626e+02 -6.798569e+04
INFO: cmn.c(133): CMN: 42.31  7.77 -1.20 11.90 -5.27 15.82 -12.38 14.05 -4.55  0.56  4.20  0.41  5.65 
utt>    51                       c12  477    0   104 17  1 3 3.234259e-12 -1.557377e+02 -7.428691e+04
INFO: cmn.c(133): CMN: 45.35  2.91 -0.58 14.98  0.01  9.03 -5.60 12.97 -11.38  7.49 -2.02  1.20  4.54 
utt>    52                       c13  463    0    92 17  2 3 3.892765e-12 -1.567860e+02 -7.259191e+04
INFO: cmn.c(133): CMN: 43.82  8.95 -5.05 18.30 -4.48 12.14 -3.64  9.09 -6.74  2.20  6.26 -1.39  0.91 
utt>    53                       c14  453    0    96 22  2 4 2.889599e-12 -1.529211e+02 -6.927326e+04
INFO: cmn.c(133): CMN: 42.71 12.23 -1.87 12.03 -11.79 14.35 -2.86  9.32 -6.43  4.29 -0.28  1.14  3.56 
utt>    54                       c15  449    0    72 17  1 3 2.311315e-12 -1.505799e+02 -6.761040e+04
INFO: cmn.c(133): CMN: 42.73  6.48 -1.22 18.36 -1.92 14.69 -5.32 14.46 -11.21  1.98  5.36 -3.15  2.44 
utt>    55                       c16  460    0    96 19  2 3 2.596315e-12 -1.541399e+02 -7.090437e+04
INFO: cmn.c(133): CMN: 40.99 17.98 -6.32 13.77 -11.52 15.42  1.61  9.32 -4.73  4.34  1.85 -2.27  0.25 
utt>    56                       c17  467    0    72 18  1 3 2.371014e-12 -1.517394e+02 -7.086232e+04
INFO: cmn.c(133): CMN: 44.70  6.89 -2.89 13.31 -3.22 15.45 -9.52 12.98 -8.68  8.97 -3.45  2.59  3.46 
utt>    57                       c18  481    0   132 19  2 4 3.684608e-12 -1.555023e+02 -7.479661e+04
INFO: cmn.c(133): CMN: 40.62 14.56 -2.89 12.55 -7.48 14.85 -0.20  9.22 -7.92  3.49  4.35  0.84  0.25 
utt>    58                       c19  470    0    72 18  1 3 2.744392e-12 -1.529790e+02 -7.190013e+04
INFO: cmn.c(133): CMN: 40.44 11.36 -2.43 14.88 -6.87 17.86 -2.17 11.37 -1.14 -2.27  3.57 -2.32  3.97 
utt>    59                       c20  455    0    88 18  2 4 3.479061e-12 -1.548469e+02 -7.045532e+04
INFO: cmn.c(133): CMN: 42.43 11.71 -5.77 10.28  0.91  7.85 -10.06  0.53  5.11  4.51  3.18 -12.70  4.33 
utt>    60                        d1  599    0   144 20  2 4 2.591704e-12 -1.547522e+02 -9.269657e+04
INFO: cmn.c(133): CMN: 39.91 12.93 -3.73 12.78 -0.70  6.10 -8.83  7.32  2.97  6.93 -2.05 -8.88 -0.91 
utt>    61                        d2  595    0   116 23  2 4 4.372163e-12 -1.524045e+02 -9.068068e+04
INFO: cmn.c(133): CMN: 39.59 11.19 -1.69  8.95  1.61  8.21 -11.95  6.00  5.28  9.44 -3.53 -9.03 -0.50 
utt>    62                        d3  582    0   132 21  2 3 2.572211e-12 -1.531953e+02 -8.915968e+04
INFO: cmn.c(133): CMN: 36.78  7.16  0.93 13.03 -1.33  2.77 -7.78  6.10  6.12  8.10  1.89 -12.19  2.77 
utt>    63                        d4  712    0    96 17  1 2 1.968617e-12 -1.550470e+02 -1.103935e+05
INFO: cmn.c(133): CMN: 39.43 13.59  1.41 13.38 -3.47  8.34 -7.38 -0.49  8.21  6.06 -1.05 -12.42  3.38 
utt>    64                        d5  561    0   108 17  2 4 3.371460e-12 -1.526323e+02 -8.562671e+04
INFO: cmn.c(133): CMN: 43.94  6.72 -1.92 12.85  3.22  3.04 -12.81  2.96  0.03 13.57  1.08 -12.54  3.16 
utt>    65                        d6  564    0   128 16  2 3 3.368247e-12 -1.569777e+02 -8.853541e+04
INFO: cmn.c(133): CMN: 45.57  9.23 -3.60 14.50 -0.37  6.08 -13.96 -0.25  4.05  9.59  1.09 -12.47  8.22 
utt>    66                        d7  574    0   164 21  2 4 3.397037e-12 -1.560108e+02 -8.955022e+04
INFO: cmn.c(133): CMN: 39.65 15.84 -0.28 11.02 -4.02  4.99 -3.59 -2.57  7.63 -2.78  4.15 -18.14  4.99 
utt>    67                        d8  636    0   116 20  2 3 2.672170e-12 -1.549574e+02 -9.855288e+04
INFO: cmn.c(133): CMN: 42.78 12.85  4.64 16.30 -1.50  2.03 -5.04 -1.39 10.19 -0.92  3.28 -18.67  6.79 
utt>    68                        d9  567    0   120 17  2 3 2.819923e-12 -1.552855e+02 -8.804690e+04
INFO: cmn.c(133): CMN: 42.43  7.60  0.27 18.55 -3.43  4.67 -6.48  1.85  6.47  5.68 -3.54 -14.33  8.62 
utt>    69                       d10  683    0   156 17  2 4 2.789656e-12 -1.548766e+02 -1.057807e+05
INFO: cmn.c(133): CMN: 43.43 10.59 -2.49 21.92 -6.40  6.65 -6.63 -2.10  8.14  2.20 -0.58 -15.17  5.62 
utt>    70                       d11  534    0   148 20  2 5 4.298806e-12 -1.553083e+02 -8.293465e+04
INFO: cmn.c(133): CMN: 42.14  9.88 -4.43 25.40 -6.67  5.12 -7.44  0.50  6.22  2.25 -0.85 -18.08  7.33 
utt>    71                       d12  549    0   120 20  2 4 3.516296e-12 -1.546264e+02 -8.488988e+04
INFO: cmn.c(133): CMN: 43.20  6.18  1.31 16.41  3.76 -0.05 -9.96  6.41 -1.92  6.99 -1.38 -20.19 11.14 
utt>    72                       d13  553    0   140 18  2 4 2.697817e-12 -1.576695e+02 -8.719123e+04
INFO: cmn.c(133): CMN: 40.87  8.29 -3.34 21.69  0.25  3.42 -10.85  6.22  0.85  7.50 -4.43 -13.01  6.80 
utt>    73                       d14  633    0   128 22  2 3 3.157436e-12 -1.541890e+02 -9.760161e+04
INFO: cmn.c(133): CMN: 42.83 10.97 -2.25 26.53 -0.43 -0.79 -5.91 -0.64  4.15 -1.88  0.33 -21.95  9.30 
utt>    74                       d15  548    0   132 20  2 4 2.057502e-12 -1.558642e+02 -8.541356e+04
INFO: cmn.c(133): CMN: 43.61 10.36 -2.28 19.19 -2.10  3.80 -9.51  1.55  0.66  3.04 -0.92 -23.36  9.94 
utt>    75                       d16  552    0   112 18  2 4 2.673301e-12 -1.561298e+02 -8.618364e+04
INFO: cmn.c(133): CMN: 44.23  7.61 -5.36 17.38 -2.58  6.54 -14.72  6.97  0.50  8.84 -6.22 -17.32 12.20 
utt>    76                       d17  557    0   144 20  2 3 2.910264e-12 -1.558817e+02 -8.682609e+04
INFO: cmn.c(133): CMN: 43.63  6.89 -1.98 22.63 -2.50 -0.75 -10.10  5.10  0.21 15.28 -9.46 -12.28  8.83 
utt>    77                       d18  573    0   112 20  2 3 2.946277e-12 -1.548232e+02 -8.871370e+04
INFO: cmn.c(133): CMN: 40.53  9.21 -1.01 24.88 -2.26  6.29 -7.33  2.69  4.14  0.65 -1.33 -10.49  5.63 
utt>    78                       d19  631    0   124 16  2 3 2.857493e-12 -1.567787e+02 -9.892736e+04
INFO: cmn.c(133): CMN: 43.33 11.59 -1.51 18.53 -6.36 -2.04 -2.44  1.58  0.38  6.46 -17.83 -8.58  9.48 
utt>    79                       d20  578    0   116 20  1 3 2.200231e-12 -1.545167e+02 -8.931068e+04
INFO: cmn.c(133): CMN: 39.84  5.86  0.56  4.24  6.71  7.14 -11.30  3.31 -1.80  4.46  9.70  0.71 -1.47 
utt>    80                        f1  712    0   128 17  1 3 2.033385e-12 -1.550388e+02 -1.103876e+05
INFO: cmn.c(133): CMN: 33.44  4.23  4.38 12.92 12.80  2.57 -2.72 10.55 -0.88  4.58  6.21 -7.40  2.48 
utt>    81                        f2  740    0   124 19  1 3 2.547574e-12 -1.526074e+02 -1.129295e+05
INFO: cmn.c(133): CMN: 32.46  9.58  7.95  9.08  7.42  4.95 -5.45 13.21 -0.10  2.75  3.50 -8.81 -0.37 
utt>    82                        f3  699    0   112 20  2 3 2.014049e-12 -1.535537e+02 -1.073340e+05
INFO: cmn.c(133): CMN: 37.64  8.60  2.73  6.43  8.50  4.63 -11.68  9.73  0.25  9.46  9.06 -7.05  1.81 
utt>    83                        f4  730    0   152 22  2 3 3.354994e-12 -1.527167e+02 -1.114832e+05
INFO: cmn.c(133): CMN: 35.19  6.43  2.78 19.04  7.92  4.02 -7.90 13.61 -6.31  3.79  2.57 -6.17 -2.25 
utt>    84                        f5  675    0   104 19  1 3 2.505178e-12 -1.523150e+02 -1.028126e+05
INFO: cmn.c(133): CMN: 38.99  5.17  2.73  6.91 10.09  5.54 -16.75 13.17 -9.34  4.35  1.62 -3.14 -3.92 
utt>    85                        f6  751    0   156 21  2 3 2.248531e-12 -1.557360e+02 -1.169577e+05
INFO: cmn.c(133): CMN: 37.43  2.57  6.06 12.50 11.70  1.54 -11.70 14.33 -2.13  5.27  6.25 -7.74 -3.75 
utt>    86                        f7  705    0   132 23  2 3 2.185688e-12 -1.523314e+02 -1.073937e+05
INFO: cmn.c(133): CMN: 37.64  9.06 -1.12 11.08  2.98 -1.40 -5.18  5.16  2.35  6.72  5.82 -3.70 -2.14 
utt>    87                        f8  756    0   132 21  1 3 2.396966e-12 -1.505669e+02 -1.138286e+05
INFO: cmn.c(133): CMN: 37.17 10.42  6.63  8.37  7.74  9.35 -7.87 13.27 -0.14 10.06  6.09  1.26 -3.46 
utt>    88                        f9  753    0   124 20  2 3 2.593830e-12 -1.534827e+02 -1.155725e+05
INFO: cmn.c(133): CMN: 37.00  8.67  8.12  7.25  9.58  5.37 -5.90  9.03 -0.13  2.53 13.59 -8.56 -3.21 
utt>    89                       f10  681    0   120 18  1 3 2.521693e-12 -1.511995e+02 -1.029668e+05
INFO: cmn.c(133): CMN: 36.61  9.42  5.71  9.05  8.32 -4.43  4.10  2.95  1.21  9.23  4.67 -5.98 -1.59 
utt>    90                       f11  707    0   120 19  2 3 2.417653e-12 -1.514938e+02 -1.071061e+05
INFO: cmn.c(133): CMN: 38.88  8.04  2.69 12.26  9.89  0.73 -1.24  7.86 -2.44  6.15  9.77 -7.34 -3.67 
utt>    91                       f12  704    0   128 18  1 3 2.636478e-12 -1.518468e+02 -1.069001e+05
INFO: cmn.c(133): CMN: 34.07  7.00  3.05 10.25  9.44 -2.69  2.47  8.44  1.11  6.84  8.73 -2.89 -1.04 
utt>    92                       f13  765    0   112 17  1 3 2.722323e-12 -1.510424e+02 -1.155474e+05
INFO: cmn.c(133): CMN: 39.74  3.22  1.34  8.78  9.34 -0.83 -11.32  5.80  6.43  7.37 11.09 -5.61 -0.06 
utt>    93                       f14  733    0   128 20  1 3 2.368565e-12 -1.560649e+02 -1.143955e+05
INFO: cmn.c(133): CMN: 38.10  6.66  3.43 19.02 11.72 -5.05  0.53  7.94  0.69  6.39  7.78 -4.82 -0.63 
utt>    94                       f15  727    0   124 18  1 3 3.229360e-12 -1.522822e+02 -1.107091e+05
INFO: cmn.c(133): CMN: 38.49  0.87  7.99 16.01 15.03 -3.87 -5.67 11.61  2.21  7.51  5.01 -7.90  3.57 
utt>    95                       f16  702    0   116 26  1 3 2.328848e-12 -1.546401e+02 -1.085573e+05
INFO: cmn.c(133): CMN: 40.73 11.30  1.24 15.73 12.60 -3.87 -2.22  9.46  1.65  4.41  4.33 -7.12 -2.19 
utt>    96                       f17  671    0   144 19  2 3 2.134849e-12 -1.522862e+02 -1.021840e+05
INFO: cmn.c(133): CMN: 37.87  8.08  3.84 11.27  8.43 -1.59 -4.18  8.56  0.25  7.12  8.10 -7.75 -3.35 
utt>    97                       f18  703    0   120 15  1 3 3.221863e-12 -1.509073e+02 -1.060879e+05
INFO: cmn.c(133): CMN: 36.04  6.98  1.45 20.60  8.82 -1.10 -3.22 11.92 -1.28  9.90  5.49 -6.36  1.84 
utt>    98                       f19  743    0   120 18  2 3 3.153915e-12 -1.522400e+02 -1.131143e+05
INFO: cmn.c(133): CMN: 39.80  6.18  2.37  7.87  5.90 -1.61 -5.99  6.17  0.01  7.47  5.27 -4.96  2.98 
utt>    99                       f20  718    0   144 20  2 3 2.571914e-12 -1.539218e+02 -1.105158e+05
INFO: cmn.c(133): CMN: 48.29  4.29 -5.71 16.13  3.37  5.92 -2.58  3.20 -5.11 -0.63  4.65 -5.89  0.38 
utt>   100                        g1  698    0   136 19  2 3 3.832814e-12 -1.585186e+02 -1.106460e+05
INFO: cmn.c(133): CMN: 51.90  7.09 -9.70 20.41 -1.46  6.79 -9.82 -3.48 -4.70  2.40 12.34 -6.28 -0.17 
utt>   101                        g2  701    0   172 18  2 3 2.906344e-12 -1.620123e+02 -1.135706e+05
INFO: cmn.c(133): CMN: 51.38  7.30 -9.04 11.84  3.41  1.46 -6.75  0.16 -8.80  7.91  2.12 -0.54 -2.27 
utt>   102                        g3  628    0   124 18  2 3 3.087755e-12 -1.565841e+02 -9.833485e+04
INFO: cmn.c(133): CMN: 48.44  7.25 -6.44 23.82 -1.20  4.99 -2.84  2.45 -10.24  5.86  4.68 -3.76 -0.40 
utt>   103                        g4  694    0   128 18  2 3 2.486337e-12 -1.583444e+02 -1.098910e+05
INFO: cmn.c(133): CMN: 47.19  7.39 -8.32 32.85  0.53  4.10  0.11  2.75 -3.67 -3.88  1.90 -3.63 -2.94 
utt>   104                        g5  616    0   120 23  2 4 3.006897e-12 -1.578544e+02 -9.723834e+04
INFO: cmn.c(133): CMN: 46.58  8.51 -1.85 19.29 -1.53  3.79  1.52  3.22 -7.79 -2.65  8.06 -6.59 -2.91 
utt>   105                        g6  663    0   112 17  1 3 1.980460e-12 -1.541418e+02 -1.021960e+05
INFO: cmn.c(133): CMN: 41.96  7.57 -6.09  6.27 -3.20  4.33 -16.28  5.96 -4.28  3.06  1.46 -0.13 -8.00 
utt>   106                        g7  755    0   116 21  1 3 1.963591e-12 -1.529839e+02 -1.155028e+05
INFO: cmn.c(133): CMN: 48.71  2.74 -0.98 -5.17 -2.03  5.36 -10.90  3.13 -0.52  5.71 -17.64  0.39  1.51 
utt>   107                        h1  777    0   144 22  2 3 3.374401e-12 -1.579822e+02 -1.227522e+05
INFO: cmn.c(133): CMN: 50.72 -0.10 -6.13 -4.54 -3.84  0.84 -8.77  7.17 -3.56  9.49 -12.48 -1.77  7.27 
utt>   108                        h2  768    0   104 20  1 3 1.619703e-12 -1.574723e+02 -1.209387e+05
INFO: cmn.c(133): CMN: 51.57  2.64 -2.21  8.68 -5.91  4.22 -9.76 10.23 -9.18 11.61 -16.80 -3.29  4.68 
utt>   109                        h3  754    0   144 22  2 4 3.887492e-12 -1.617834e+02 -1.219847e+05
INFO: cmn.c(133): CMN: 53.21  7.14 -0.64 -3.13 -2.73  4.60 -8.88  3.04 -1.82  6.45 -13.94 -0.24  3.77 
utt>   110                        h4  663    0   112 18  1 3 2.851907e-12 -1.586707e+02 -1.051987e+05
INFO: cmn.c(133): CMN: 48.01  6.95 -2.96  2.91 -15.84  6.77 -1.29 -2.76 -1.92  6.08 -6.57 -2.71  3.41 
utt>   111                        h5  777    0    84 21  1 2 1.476935e-12 -1.576209e+02 -1.224715e+05
INFO: cmn.c(133): CMN: 51.33  8.35 -8.48 -7.60 -10.15  8.95 -6.05  0.21  0.09 11.63 -9.14 -0.44  2.41 
utt>   112                        h6  764    0   124 20  2 3 2.713985e-12 -1.582436e+02 -1.208981e+05
INFO: cmn.c(133): CMN: 55.26  2.11 -5.34  6.69 -13.93 11.79 -16.24  6.85 -14.08  7.81 -11.13 -4.66  5.74 
utt>   113                        h7  772    0   140 21  1 3 2.504453e-12 -1.621207e+02 -1.251572e+05
INFO: cmn.c(133): CMN: 55.05 -2.51  2.01  1.75 -11.34  5.61 -9.95  7.19 -2.63  5.26 -15.84 -0.69  8.13 
utt>   114                        h8  697    0   116 18  1 3 2.077333e-12 -1.629311e+02 -1.135630e+05
INFO: cmn.c(133): CMN: 53.47  5.25 -1.77 -1.73 -11.39  6.12 -5.86  2.22 -3.46  8.87 -12.07 -0.82  2.58 
utt>   115                        h9  698    0   136 20  2 3 3.386055e-12 -1.608799e+02 -1.122942e+05
INFO: cmn.c(133): CMN: 51.19  9.06 -1.65 -2.99 -11.27  6.53 -3.60  2.82 -3.05  8.44 -6.31 -5.87  4.67 
utt>   116                       h10  715    0   128 17  1 3 1.851686e-12 -1.586264e+02 -1.134179e+05
INFO: cmn.c(133): CMN: 52.12  1.24 -0.39  6.99 -10.75  4.47 -3.96  3.00 -3.30  3.29 -15.32 -1.81  2.17 
utt>   117                       h11  688    0   132 19  1 3 2.229043e-12 -1.593770e+02 -1.096514e+05
INFO: cmn.c(133): CMN: 49.77  5.45 -2.71  4.51 -9.75 -0.55  3.79 -1.96 -0.07  1.08 -8.15 -3.48  1.77 
utt>   118                       h12  678    0   104 17  1 3 2.354410e-12 -1.582142e+02 -1.072692e+05
INFO: cmn.c(133): CMN: 54.17  6.50  1.00  5.15 -4.86 -2.04  7.12 -0.26 -4.54  8.33 -9.59  3.35 -0.06 
utt>   119                       h13  705    0   112 21  1 3 2.637882e-12 -1.597557e+02 -1.126278e+05
INFO: cmn.c(133): CMN: 52.34  4.74 -3.73  9.58 -10.59  1.60 -3.16  2.34 -0.31  2.96 -9.83 -5.97  4.58 
utt>   120                       h14  699    0   116 18  1 3 2.027880e-12 -1.591647e+02 -1.112562e+05
INFO: cmn.c(133): CMN: 53.67  1.30  0.44  0.27 -4.99 -1.59  0.56  1.67  0.94  5.97 -12.95  1.05  3.93 
utt>   121                       h15  686    0   124 18  1 3 2.549859e-12 -1.594115e+02 -1.093563e+05
INFO: cmn.c(133): CMN: 46.21  7.11  6.91  7.79 -4.30  1.97 -0.68  2.32 -7.99  2.02 -11.99 -1.66 -2.92 
utt>   122                       h16  746    0   112 24  1 3 2.747532e-12 -1.594381e+02 -1.189408e+05
INFO: cmn.c(133): CMN: 54.23  1.29  4.05  1.19 -6.38  2.03 -0.30  2.89 -6.44  8.67 -14.08  0.22  1.37 
utt>   123                       h17  702    0   144 18  2 3 3.435140e-12 -1.623243e+02 -1.139517e+05
INFO: cmn.c(133): CMN: 57.45 -0.64  2.46  1.12 -7.36  0.59 -3.82 -0.08 -1.61  2.98 -19.07  1.15  4.26 
utt>   124                       h18  688    0   140 20  2 4 3.426775e-12 -1.600090e+02 -1.100862e+05
INFO: cmn.c(133): CMN: 49.88 -0.23 -1.84  1.94 -11.84  4.33 -0.62  4.29 -6.49  7.50 -11.86  1.79 -2.06 
utt>   125                       h19  768    0   104 18  1 2 2.448598e-12 -1.592010e+02 -1.222664e+05
INFO: cmn.c(133): CMN: 53.55  3.33 -3.80 -3.72 -8.79  2.41 -2.99 -1.16  0.07  9.03 -13.39  0.69  1.12 
utt>   126                       h20  719    0   128 19  2 4 3.176691e-12 -1.592506e+02 -1.145012e+05
INFO: cmn.c(133): CMN: 54.24  0.53 -20.49 15.44 -7.79  2.89 -24.70 -6.37 -5.01  2.77  1.05 -7.35 -1.19 
utt>   127                        i1  662    0   140 21  2 4 3.493726e-12 -1.605864e+02 -1.063082e+05
INFO: cmn.c(133): CMN: 55.73  4.37 -10.83 -1.60 -8.50 10.02 -14.85 -1.96 -3.40 -8.75 17.43 -15.60  0.73 
utt>   128                        i2  581    0   140 23  2 4 2.664065e-12 -1.591762e+02 -9.248134e+04
INFO: cmn.c(133): CMN: 52.73  6.71 -6.06  1.98 -8.07  7.32 -5.87 -4.15 -2.69 -7.37 11.03 -14.52  6.34 
utt>   129                        i3  545    0   100 18  2 3 2.914427e-12 -1.563931e+02 -8.523424e+04
INFO: cmn.c(133): CMN: 55.85  5.03 -11.01  3.44 -10.92  7.31 -14.14 -0.40 -6.43 -0.46  4.45 -6.56  0.14 
utt>   130                        i4  688    0   128 18  2 3 3.062080e-12 -1.564534e+02 -1.076399e+05
INFO: cmn.c(133): CMN: 52.17  2.14 -7.58  5.22 -5.10  5.86 -14.70  3.54 -8.30 -4.53  2.48 -7.03 -0.36 
utt>   131                        i5  774    0   140 22  2 3 2.490507e-12 -1.561138e+02 -1.208321e+05
INFO: cmn.c(133): CMN: 53.21  4.45 -11.15  8.88 -7.47  3.99 -11.92  1.92 -5.82 -2.06  2.70 -5.43  0.15 
utt>   132                        i6  771    0   140 21  2 3 1.653319e-12 -1.565444e+02 -1.206958e+05
INFO: cmn.c(133): CMN: 56.49  3.93 -9.72  6.50 -6.79  4.98 -11.74 -1.46 -8.57 -5.83  3.30 -4.98 -3.81 
utt>   133                        i7  695    0   120 20  1 3 2.602914e-12 -1.537760e+02 -1.068743e+05
INFO: cmn.c(133): CMN: 55.55  2.89 -9.87  3.27 -5.68  5.06 -14.62  3.39 -12.74  1.06  3.98 -8.06 -0.42 
utt>   134                        i8  736    0   148 22  2 3 2.692825e-12 -1.580370e+02 -1.163152e+05
INFO: cmn.c(133): CMN: 51.79  4.84 -9.50  7.42 -11.86  5.74 -10.51  3.45 -11.61 -1.54  5.56 -7.93 -0.72 
utt>   135                        i9  690    0   108 17  1 3 2.308778e-12 -1.557740e+02 -1.074840e+05
INFO: cmn.c(133): CMN: 54.37  4.82 -8.14  3.49 -9.37  4.72 -8.63  3.62 -14.84  0.58  3.43 -6.56  2.59 
utt>   136                       i10  645    0   108 19  1 3 2.430176e-12 -1.536395e+02 -9.909747e+04
INFO: cmn.c(133): CMN: 53.30  4.74 -10.39  6.08 -12.88  7.23 -15.63  5.01 -11.97  3.09  4.85 -4.38  0.51 
utt>   137                       i11  695    0   104 18  1 3 2.932136e-12 -1.544389e+02 -1.073350e+05
INFO: cmn.c(133): CMN: 53.41  7.31 -10.34  7.00 -8.48  6.55 -10.71  3.97 -17.05 -2.58  6.25 -9.55  4.79 
utt>   138                       i12  684    0   124 18  2 3 2.598810e-12 -1.537539e+02 -1.051677e+05
INFO: cmn.c(133): CMN: 56.42  3.54 -11.67  2.63 -11.79  5.60 -14.15  7.14 -14.59  2.03  4.79 -5.79  0.82 
utt>   139                       i13  740    0   136 18  2 3 2.842905e-12 -1.564700e+02 -1.157878e+05
INFO: cmn.c(133): CMN: 54.56  1.58 -8.31 10.27 -7.96  3.78 -16.65  9.03 -13.25 -4.54  3.23 -6.55  2.16 
utt>   140                       i14  740    0   108 22  1 3 2.910094e-12 -1.549255e+02 -1.146448e+05
INFO: cmn.c(133): CMN: 55.88  4.42 -11.22  5.24 -5.85  1.52 -13.64  7.71 -12.19 -2.46  3.16 -9.10  2.90 
utt>   141                       i15  731    0   136 21  2 4 3.079774e-12 -1.552690e+02 -1.135016e+05
INFO: cmn.c(133): CMN: 54.41  2.70 -10.23  3.58 -9.66  5.67 -15.57  3.90 -13.42  3.65  4.17 -8.63  2.01 
utt>   142                       i16  758    0   140 20  2 3 2.930481e-12 -1.569835e+02 -1.189935e+05
INFO: cmn.c(133): CMN: 55.12  2.82 -11.01  8.18 -8.00  5.51 -15.77  1.76 -13.04  0.50  3.50 -7.69  3.31 
utt>   143                       i17  745    0   156 25  2 4 3.401711e-12 -1.576641e+02 -1.174597e+05
INFO: cmn.c(133): CMN: 49.95  5.18 -10.68 12.14 -11.55  6.17 -15.08  6.17 -14.84 -1.44  2.40 -2.94 -0.38 
utt>   144                       i18  750    0   100 18  1 2 1.644322e-12 -1.535239e+02 -1.151429e+05
INFO: cmn.c(133): CMN: 52.02  6.47 -13.31 10.44 -10.34  1.95 -9.11  1.58 -16.68 -1.16  1.23 -2.80 -0.60 
utt>   145                       i19  762    0   116 19  2 3 2.429166e-12 -1.542320e+02 -1.175248e+05
INFO: cmn.c(133): CMN: 53.92  6.24 -10.67  9.44 -10.09  8.10 -16.13  9.21 -17.02  2.08 -0.54  0.20 -2.29 
utt>   146                       i20  694    0   108 20  1 3 1.882782e-12 -1.587333e+02 -1.101609e+05
INFO: cmn.c(133): CMN: 49.37 14.57 -10.10 13.79  1.78 -1.71  0.85 -2.78  0.48 -5.73  3.39 -7.77 -0.79 
utt>   147                        j1  678    0   112 19  1 3 2.533776e-12 -1.568686e+02 -1.063569e+05
INFO: cmn.c(133): CMN: 51.29  9.32 -12.48 19.16 -2.26  5.20 -6.61  2.61 -3.57 -5.91  4.71 -9.80  1.13 
utt>   148                        j2  670    0   116 21  2 3 3.155885e-12 -1.557216e+02 -1.043335e+05
INFO: cmn.c(133): CMN: 51.28 11.57 -9.00 10.78  2.94  2.25 -4.88 -1.93  0.34 -2.65  5.76 -6.72 -1.34 
utt>   149                        j3  673    0   116 18  1 3 2.228950e-12 -1.580321e+02 -1.063556e+05
INFO: cmn.c(133): CMN: 52.64  6.81 -10.72  6.05 -5.67  8.16 -9.74  3.52 -4.62  8.79 -1.52 -3.25 -3.74 
utt>   150                        j4  785    0   144 18  1 3 3.178827e-12 -1.596082e+02 -1.252924e+05
INFO: cmn.c(133): CMN: 53.45 14.15 -11.33 11.82 -9.70  6.25 -4.47  3.07 -8.78  1.80 -1.41 -4.49 -1.52 
utt>   151                        j5  761    0   128 18  2 3 2.702416e-12 -1.544960e+02 -1.175714e+05
INFO: cmn.c(133): CMN: 54.04  9.00 -12.72  8.91 -5.02  4.24 -11.42  2.47 -6.97  2.19  0.38 -2.06 -3.30 
utt>   152                        j6  741    0   124 21  2 3 2.593931e-12 -1.568962e+02 -1.162601e+05
INFO: cmn.c(133): CMN: 55.49 10.26 -13.29 14.48 -5.60  7.31 -10.32  3.04 -6.92  0.95  2.41 -6.86 -1.22 
utt>   153                        j7  647    0   132 18  2 3 3.179775e-12 -1.559674e+02 -1.009109e+05
INFO: cmn.c(133): CMN: 55.34  8.08 -11.68 11.80 -6.49  7.05 -13.86  1.32 -2.55  4.62  0.99 -10.19  2.30 
utt>   154                        j8  680    0   132 19  2 3 2.493764e-12 -1.570425e+02 -1.067889e+05
INFO: cmn.c(133): CMN: 57.13  7.57 -13.11 19.12 -2.37  4.50 -10.55  3.75 -3.46  2.16 -0.72 -9.48  1.37 
utt>   155                        j9  668    0   140 21  2 4 2.927763e-12 -1.597901e+02 -1.067398e+05
INFO: cmn.c(133): CMN: 57.73  8.64 -10.72 17.29  1.05  5.51 -8.16  0.36 -3.59 -1.40  3.69 -7.88  1.21 
utt>   156                       j10  696    0   176 19  2 4 3.703569e-12 -1.600369e+02 -1.113857e+05
INFO: cmn.c(133): CMN: 58.30 10.50 -14.20 12.63 -8.25  9.16 -11.53  0.20 -8.40  3.24  0.11 -5.08  0.72 
utt>   157                       j11  684    0   160 19  2 3 2.594430e-12 -1.560765e+02 -1.067564e+05
INFO: cmn.c(133): CMN: 55.58  7.18 -13.77 12.06 -4.41  8.53 -7.98 -0.50 -3.96  5.05 -0.84 -4.94  1.64 
utt>   158                       j12  643    0   124 19  2 3 2.744711e-12 -1.582140e+02 -1.017316e+05
INFO: cmn.c(133): CMN: 56.06  7.56 -13.57  4.63 -3.61  6.47 -12.17  0.43 -6.04  5.22 -0.31 -5.53  1.14 
utt>   159                       j13  763    0   160 20  2 4 3.572401e-12 -1.615477e+02 -1.232609e+05
INFO: cmn.c(133): CMN: 57.09  6.51 -12.82 14.00 -5.74  8.58 -9.58 -2.20 -0.23  1.95 -4.46 -4.97  2.35 
utt>   160                       j14  653    0   148 20  2 3 3.561868e-12 -1.609015e+02 -1.050687e+05
INFO: cmn.c(133): CMN: 57.51  9.42 -11.50 11.43 -5.17  8.08 -4.30 -0.89 -8.38  4.79  3.86 -5.56  0.81 
utt>   161                       j15  662    0   116 17  2 3 2.388254e-12 -1.553355e+02 -1.028321e+05
INFO: cmn.c(133): CMN: 56.43  9.80 -11.71 19.85 -2.99  1.39 -5.33 -2.69 -7.81  0.47 -3.83 -5.59 -0.96 
utt>   162                       j16  569    0   100 18  1 3 2.030026e-12 -1.567908e+02 -8.921396e+04
INFO: cmn.c(133): CMN: 54.41  9.52 -9.91 13.50 -2.71 -0.02 -0.27 -5.49 -0.61  1.36 -1.03  0.29 -4.21 
utt>   163                       j17  675    0   112 20  1 3 2.652031e-12 -1.580471e+02 -1.066818e+05
INFO: cmn.c(133): CMN: 54.56  8.70 -12.41 26.93 -8.53  1.17  3.46 -9.35  3.59 -2.25  2.35 -6.93 -3.71 
utt>   164                       j18  625    0   112 21  2 3 2.492289e-12 -1.590201e+02 -9.938757e+04
INFO: cmn.c(133): CMN: 55.34  7.97 -8.54 18.19 -2.90  4.14 -4.04 -6.51 -0.18 -6.15  0.84 -5.43 -2.88 
utt>   165                       j19  628    0   124 19  2 3 2.706883e-12 -1.596949e+02 -1.002884e+05
INFO: cmn.c(133): CMN: 57.89  5.86 -12.22 14.36 -7.26  6.30 -3.58 -5.66 -0.25 -0.32 -0.63 -4.78 -1.36 
utt>   166                       j20  633    0   124 20  2 4 3.092175e-12 -1.582749e+02 -1.001880e+05
INFO: cmn.c(133): CMN: 46.60  9.91  1.03  9.86 -3.26  6.79 -5.51 -3.56 -2.90 -1.86  3.09 -1.84  0.06 
utt>   167                        k1  748    0   140 20  1 3 2.230413e-12 -1.555596e+02 -1.163586e+05
INFO: cmn.c(133): CMN: 49.40  6.94 -2.29  7.48 -5.37  9.58 -12.79 -4.43 -3.32 -1.51  4.96  0.70  3.95 
utt>   168                        k2  752    0   156 20  2 3 3.430139e-12 -1.569206e+02 -1.180043e+05
INFO: cmn.c(133): CMN: 47.88  9.29 -0.57  7.90 -7.45  6.21 -4.56 -0.45 -3.28  2.08  3.83  2.32  0.23 
utt>   169                        k3  772    0   104 21  1 3 1.849991e-12 -1.538207e+02 -1.187496e+05
INFO: cmn.c(133): CMN: 48.42  8.11  2.01  4.02 -6.19  9.33 -2.63  1.02 -3.33 -0.79  4.76 -2.14 -1.98 
utt>   170                        k4  735    0   124 18  1 3 2.784562e-12 -1.548448e+02 -1.138109e+05
INFO: cmn.c(133): CMN: 50.07  8.05  2.31 -1.08 -3.57  7.41 -3.74 -2.17 -4.01 -0.95  4.22 -0.48 -1.37 
utt>   171                        k5  722    0   128 19  1 3 1.923493e-12 -1.533714e+02 -1.107341e+05
INFO: cmn.c(133): CMN: 48.00  8.83 -2.70  8.01 -3.02  3.85 -2.40  3.23 -4.75  2.77  3.36 -0.35  0.78 
utt>   172                        k6  755    0   112 21  1 3 2.405828e-12 -1.513910e+02 -1.143002e+05
INFO: cmn.c(133): CMN: 47.67  7.60  1.04  4.82 -5.68  8.35 -6.69  1.28 -1.30 -0.39  3.66 -1.91  2.33 
utt>   173                        k7  773    0   132 20  1 3 1.742687e-12 -1.538977e+02 -1.189629e+05
INFO: cmn.c(133): CMN: 47.82 11.01 -1.27  2.13 -8.32  8.50 -4.46  0.78 -5.43 -4.91  6.88 -2.89  1.92 
utt>   174                        k8  744    0   120 18  2 3 2.289229e-12 -1.529855e+02 -1.138212e+05
INFO: cmn.c(133): CMN: 49.70 11.47  0.53 -0.14 -6.63  6.23 -4.55 -2.19 -0.34  0.73  4.69 -3.45  3.73 
utt>   175                        k9  781    0   148 20  1 3 2.509212e-12 -1.536289e+02 -1.199842e+05
INFO: cmn.c(133): CMN: 48.78  8.20  5.06 -1.21 -4.37  6.52 -2.80  3.37 -1.34 -3.89 -2.38 -1.68 -1.65 
utt>   176                       k10  715    0   120 17  1 3 2.339680e-12 -1.558178e+02 -1.114097e+05
INFO: cmn.c(133): CMN: 53.35  6.58 -1.69  0.13 -8.07  8.37 -9.71 -2.84 -0.03  2.11  4.90 -4.67  3.65 
utt>   177                       k11  777    0   156 17  2 3 3.099174e-12 -1.570199e+02 -1.220044e+05
INFO: cmn.c(133): CMN: 47.96 10.06  2.11  3.03 -6.56  8.03 -6.62  3.41 -3.00 -1.50  3.20 -3.73  2.20 
utt>   178                       k12  713    0   120 20  1 3 3.038749e-12 -1.544244e+02 -1.101046e+05
INFO: cmn.c(133): CMN: 47.56  9.39  1.38  1.93 -5.98  5.03 -4.39  1.97 -0.31  2.42 -0.10 -4.19  1.75 
utt>   179                       k13  755    0   104 19  1 2 2.207365e-12 -1.534810e+02 -1.158782e+05
INFO: cmn.c(133): CMN: 47.90  6.48  2.69  6.27 -2.29  2.92 -2.55  1.68 -3.35  2.72  2.77 -1.66  2.78 
utt>   180                       k14  777    0   128 18  2 3 3.033885e-12 -1.520901e+02 -1.181740e+05
INFO: cmn.c(133): CMN: 47.44 10.36 -0.06  7.58 -4.41  4.40 -0.73  0.99 -2.35  0.46  4.42 -4.89 -0.48 
utt>   181                       k15  759    0   108 19  1 3 2.327101e-12 -1.543902e+02 -1.171821e+05
INFO: cmn.c(133): CMN: 46.86 10.60  3.23  5.13 -4.81  4.67 -0.35  3.14 -1.11 -2.62 -0.23 -1.01  1.68 
utt>   182                       k16  746    0   104 19  1 2 1.556715e-12 -1.531104e+02 -1.142204e+05
INFO: cmn.c(133): CMN: 52.28  5.70 -0.69  1.34 -6.68  5.94 -8.76  1.45 -1.48  2.26  0.28  0.38  0.60 
utt>   183                       k17  772    0   140 19  2 3 3.393874e-12 -1.559950e+02 -1.204281e+05
INFO: cmn.c(133): CMN: 50.93  9.49 -2.33  5.72 -7.47  6.11 -6.22  3.63 -3.00  2.78  2.87  0.61 -0.24 
utt>   184                       k18  727    0   120 18  2 3 2.811057e-12 -1.548758e+02 -1.125947e+05
INFO: cmn.c(133): CMN: 46.88  6.68 -1.25 12.53 -3.02  7.45 -6.05  0.34 -4.03  3.78  1.07 -2.74  2.53 
utt>   185                       k19  769    0   124 20  1 3 2.303535e-12 -1.539114e+02 -1.183579e+05
INFO: cmn.c(133): CMN: 47.91 10.95 -4.55 11.89 -9.60  4.49 -7.05  3.01 -4.63  2.50  3.98 -4.13  3.88 
utt>   186                       k20  755    0    84 19  1 2 1.778666e-12 -1.525558e+02 -1.151797e+05
INFO: cmn.c(133): CMN: 49.34  7.64 -1.47  8.94 -3.31  6.71 -8.23  6.83 -6.60  3.39 -0.58  0.16 -0.66 
utt>   187                       k21  723    0   108 17  1 3 2.018505e-12 -1.543139e+02 -1.115690e+05
INFO: cmn.c(133): CMN: 47.19  6.87  1.68  8.56 -5.73  5.20 -5.54  4.58 -4.61  1.99  1.60 -2.19  4.17 
utt>   188                       k22  778    0   100 18  1 2 1.098524e-12 -1.539515e+02 -1.197743e+05
INFO: cmn.c(133): CMN: 48.68  9.83 -1.35  3.21 -7.67  8.13 -6.50  2.87 -2.30  7.97  1.64 -0.97  0.90 
utt>   189                       k23  777    0   116 23  1 3 2.422433e-12 -1.532332e+02 -1.190622e+05
INFO: cmn.c(133): CMN: 49.49  9.05 -2.44  8.21 -5.00  5.75 -11.46 -1.09 -0.68 -0.75  8.64 -2.26  3.07 
utt>   190                       k24  752    0   124 21  1 3 2.615180e-12 -1.526186e+02 -1.147692e+05
INFO: cmn.c(133): CMN: 48.83  8.61  4.96 -0.08 -5.99  7.45 -9.42  2.46 -1.40  0.17  5.13 -2.21  3.72 
utt>   191                       k25  755    0   124 21  1 3 2.962677e-12 -1.542789e+02 -1.164806e+05
INFO: cmn.c(133): CMN: 49.74  7.01  1.83  9.72 -3.39  5.68 -8.67  4.10 -7.61  1.93  3.01  0.48 -1.97 
utt>   192                       k26  759    0   140 18  1 3 2.732785e-12 -1.528522e+02 -1.160148e+05
INFO: cmn.c(133): CMN: 49.42  6.89  3.21  3.86 -4.96  4.76 -7.17  0.86 -3.01  2.51  3.02 -1.87  0.54 
utt>   193                       k27  765    0   128 18  1 2 2.091103e-12 -1.550996e+02 -1.186512e+05
INFO: cmn.c(133): CMN: 50.53  8.77  0.05  1.33 -6.51  5.30 -8.98  1.37 -1.49  2.54  7.19 -2.73  1.08 
utt>   194                       k28  770    0   148 18  1 3 2.523445e-12 -1.526366e+02 -1.175302e+05
INFO: cmn.c(133): CMN: 51.17  4.71  1.63  2.10 -5.12  6.12 -10.29  2.57 -2.87  0.95  3.34 -2.65  1.30 
utt>   195                       k29  761    0   148 20  1 3 2.818727e-12 -1.549081e+02 -1.178850e+05
INFO: cmn.c(133): CMN: 46.54  8.12  0.80  8.61 -2.81  8.26 -8.77  5.90 -5.29  2.32  0.84 -4.49  2.93 
utt>   196                       k30  773    0   124 19  1 3 2.477060e-12 -1.525711e+02 -1.179374e+05
INFO: cmn.c(133): CMN: 46.52  8.53 -5.12  9.89 -5.48  6.75 -13.20  2.50 -7.24  4.33 -1.64  3.37  1.91 
utt>   197                        l1  648    0   112 17  2 3 2.708062e-12 -1.547478e+02 -1.002766e+05
INFO: cmn.c(133): CMN: 45.72  2.85 -5.29 21.48 -9.91  7.38 -20.39 16.96 -12.47 10.98 -5.37  1.81  5.97 
utt>   198                        l2  663    0   136 24  2 4 3.998433e-12 -1.572768e+02 -1.042745e+05
INFO: cmn.c(133): CMN: 46.91  6.24 -7.58 36.94 -7.37  5.59 -18.82  8.85 -17.67  5.87 -2.54 -1.98  6.85 
utt>   199                        l3  545    0   120 22  2 4 3.433795e-12 -1.587841e+02 -8.653733e+04
INFO: cmn.c(133): CMN: 39.12  3.65 -3.97 26.12 -3.04  3.22 -11.22  4.80 -7.33  2.89 -0.11  2.35 -1.39 
utt>   200                        l4  715    0    88 21  1 2 2.428783e-12 -1.542909e+02 -1.103180e+05
INFO: cmn.c(133): CMN: 40.48  9.47 -4.04 25.70 -10.17  1.06 -9.95 10.57 -14.61 15.70 -4.07  3.98  3.83 
utt>   201                        l5  770    0   124 22  2 3 3.274397e-12 -1.526063e+02 -1.175068e+05
INFO: cmn.c(133): CMN: 43.93 -0.32 -3.85 24.83 -2.40  4.38 -20.91 13.56 -16.97 13.67 -5.54  6.01  1.13 
utt>   202                        l6  690    0   124 19  2 4 3.970529e-12 -1.559293e+02 -1.075912e+05
INFO: cmn.c(133): CMN: 44.70  5.77 -10.37 25.26 -7.25  5.84 -16.82 13.36 -18.86 15.35 -4.82  1.56  2.41 
utt>   203                        l7  735    0   108 20  1 3 2.367072e-12 -1.530118e+02 -1.124637e+05
INFO: cmn.c(133): CMN: 42.40 11.33 -8.78 18.35 -9.83  9.80 -17.57 14.89 -13.00 14.00 -2.17 -0.96  6.40 
utt>   204                        l8  768    0   128 18  1 3 1.787834e-12 -1.521832e+02 -1.168767e+05
INFO: cmn.c(133): CMN: 42.92  1.40 -8.12 25.62 -7.73  7.92 -16.72  9.51 -13.47 13.83 -5.69  3.28  3.01 
utt>   205                        l9  776    0   140 21  2 3 2.782396e-12 -1.540064e+02 -1.195090e+05
INFO: cmn.c(133): CMN: 43.17  8.92 -5.52 26.87 -8.66  6.81 -15.13  6.30 -7.58  5.46  2.20 -0.02  3.60 
utt>   206                       l10  692    0   128 20  2 3 2.689322e-12 -1.551704e+02 -1.073779e+05
INFO: cmn.c(133): CMN: 41.50  2.90 -4.69 22.93 -2.70  6.43 -14.25  3.87 -8.96  4.62 -1.63  0.68  0.89 
utt>   207                       l11  748    0   116 18  2 3 2.880079e-12 -1.537616e+02 -1.150137e+05
INFO: cmn.c(133): CMN: 39.97  4.12 -3.84 18.56 -2.46  6.25 -12.18  2.57 -7.84  6.96 -5.16  6.58 -2.28 
utt>   208                       l12  718    0    92 20  1 3 1.978416e-12 -1.525243e+02 -1.095125e+05
INFO: cmn.c(133): CMN: 37.23  9.28 -2.12 25.79 -7.95  5.61 -11.06  5.70 -7.92  8.78 -5.34  7.39  1.48 
utt>   209                       l13  749    0   104 19  1 3 1.743925e-12 -1.537180e+02 -1.151348e+05
INFO: cmn.c(133): CMN: 42.08  8.66 -10.37 16.37 -14.57  9.20 -17.24  9.49 -8.50 12.16 -5.26  2.16  0.44 
utt>   210                       l14  744    0   120 17  1 3 2.429042e-12 -1.539245e+02 -1.145198e+05
INFO: cmn.c(133): CMN: 45.11  2.38 -8.88 19.21 -8.65 11.18 -20.97  5.51 -7.67  5.46 -4.77  2.94  6.28 
utt>   211                       l15  770    0   156 23  2 4 3.634865e-12 -1.549636e+02 -1.193220e+05
INFO: cmn.c(133): CMN: 41.68  5.01  3.76 11.89 -10.43  5.42 -12.37 -1.33 -2.17 18.42 -4.28 -3.25  3.20 
utt>   212                       l16  742    0   136 20  2 3 4.329465e-12 -1.551137e+02 -1.150943e+05
INFO: cmn.c(133): CMN: 35.86  8.52  1.08 14.51  7.86 -9.67 -12.40  8.62 -8.76 15.53  2.16 -1.63  5.60 
utt>   213                       l17  747    0   112 21  1 3 2.521236e-12 -1.522950e+02 -1.137644e+05
INFO: cmn.c(133): CMN: 35.08  9.81  3.55  7.79 10.01 -12.42 -7.65  2.79 -7.17  8.40  9.89 -5.98  6.28 
utt>   214                       l18  770    0   100 20  1 2 1.103954e-12 -1.529954e+02 -1.178064e+05
INFO: cmn.c(133): CMN: 37.73 10.56 -2.65 11.14  5.71 -7.90 -17.29  9.66 -9.47 13.18  5.44 -5.91  1.54 
utt>   215                       l19  769    0   140 23  2 4 2.889450e-12 -1.549109e+02 -1.191265e+05
INFO: cmn.c(133): CMN: 35.91 12.83 -2.08 19.13  5.01 -9.72 -10.39  4.03 -8.02 10.17  4.58 -2.81  2.24 
utt>   216                       l20  766    0   120 21  2 3 2.585384e-12 -1.511437e+02 -1.157761e+05
INFO: cmn.c(133): CMN: 35.90 11.31 -0.31 22.59  2.01 -8.79 -11.33  6.66 -9.60 11.29  4.49 -0.85  0.62 
utt>   217                       l21  733    0    92 21  1 3 2.748834e-12 -1.513752e+02 -1.109580e+05
INFO: cmn.c(133): CMN: 36.32 13.54  1.40 19.78  3.44 -8.61 -13.08  5.43 -9.92 11.37  3.79 -6.82  4.44 
utt>   218                       l22  766    0   128 21  2 3 3.025632e-12 -1.520843e+02 -1.164966e+05
INFO: cmn.c(133): CMN: 38.81  7.78  2.02 14.79  2.55 -9.20 -15.28  7.05 -10.57  8.32  7.12 -7.18  0.72 
utt>   219                       l23  769    0   140 19  2 3 2.944118e-12 -1.532037e+02 -1.178137e+05
INFO: cmn.c(133): CMN: 39.07  6.12  3.79 13.43  3.55 -2.66 -13.71  6.91 -9.57 13.60  2.78  0.46  1.46 
utt>   220                       l24  777    0   144 21  1 3 1.898860e-12 -1.510114e+02 -1.173359e+05
INFO: cmn.c(133): CMN: 37.58  7.01  1.78  6.67  4.34  0.89 -18.61  9.78 -4.78  7.44  4.05 -1.22  0.92 
utt>   221                       l25  764    0   112 21  2 3 3.726015e-12 -1.536213e+02 -1.173667e+05
INFO: cmn.c(133): CMN: 39.77  8.68  8.66  4.78  4.45  1.09 -28.13  9.44 -3.07  8.01  5.79 -2.20  3.74 
utt>   222                       l26  782    0   164 26  2 3 3.284625e-12 -1.552712e+02 -1.214220e+05
INFO: cmn.c(133): CMN: 41.66  7.88  2.13  6.48  5.83 -2.84 -25.41  8.03 -2.78 11.30  8.59 -4.44  1.38 
utt>   223                       l27  779    0   152 21  1 3 2.662505e-12 -1.539331e+02 -1.199139e+05
INFO: cmn.c(133): CMN: 39.08  8.30  3.10  6.70  7.59 -3.43 -21.52  5.38  1.03  2.91 15.77 -9.62  3.23 
utt>   224                       l28  773    0   108 18  1 2 1.944325e-12 -1.529734e+02 -1.182485e+05
INFO: cmn.c(133): CMN: 38.13 12.33  0.57  4.45  6.20 -7.28 -18.30  4.25 -1.01  8.11 11.59 -4.35  2.90 
utt>   225                       l29  753    0    96 20  1 3 3.061426e-12 -1.519631e+02 -1.144282e+05
INFO: cmn.c(133): CMN: 38.78  6.60  4.39 18.99  4.36 -4.65 -20.21  5.32 -3.42  5.06  9.79 -6.48  2.20 
utt>   226                       l30  742    0   136 22  2 3 3.038492e-12 -1.559283e+02 -1.156988e+05
overall> stats 148765 (-0) -1.553230e+02 -2.310662e+07

INFO: s3mixw_io.c(233): Wrote /Users/a0m0195/FinalModel/bwaccumdir/FinalModel_buff_1/mixw_counts [87x1x1 array]
INFO: s3tmat_io.c(176): Wrote /Users/a0m0195/FinalModel/bwaccumdir/FinalModel_buff_1/tmat_counts [29x3x4 array]
INFO: s3gau_io.c(485): Wrote /Users/a0m0195/FinalModel/bwaccumdir/FinalModel_buff_1/gauden_counts with means with vars (2pass) [87x1x1 vector arrays]
INFO: main.c(999): Counts saved to /Users/a0m0195/FinalModel/bwaccumdir/FinalModel_buff_1
Tue Jun 13 11:51:48 2017
