Current configuration:
[NAME]		[DEFLT]	[VALUE]
-accumdir		/Users/a0m0195/FinalModel/bwaccumdir/FinalModel_buff_1,
-constE		3.0	3.000000e+00
-dcountfn		
-example	no	no
-fullvar	no	no
-help		no	no
-inmeanfn		
-inmixwfn		
-invarfn		
-meanfn			
-mixwfn			
-mmie		no	no
-oaccumdir		
-regmatfn		
-tiedvar	no	no
-tmatfn			
-varfn			/Users/a0m0195/FinalModel/model_parameters/FinalModel.ci_cont_flatinitial/globalvar

INFO: main.c(147): No -mixwfn specified, will skip if any
INFO: main.c(150): No -tmatfn specified, will skip if any
INFO: main.c(153): No -meanfn specified, will skip if any
INFO: main.c(207): Reading and accumulating counts from /Users/a0m0195/FinalModel/bwaccumdir/FinalModel_buff_1
INFO: s3gau_io.c(386): Read /Users/a0m0195/FinalModel/bwaccumdir/FinalModel_buff_1/gauden_counts with vars (2pass) [1x1x1 vector arrays]
INFO: main.c(321): -2passvar yes
INFO: main.c(414): Normalizing var
INFO: s3gau_io.c(228): Wrote /Users/a0m0195/FinalModel/model_parameters/FinalModel.ci_cont_flatinitial/globalvar [1x1x1 array]
Tue Jun 13 11:51:37 2017
